{"/Users/alexd/Documents/isis/src/bundleBuilder.js": {"path":"/Users/alexd/Documents/isis/src/bundleBuilder.js","statementMap":{"0":{"start":{"line":2,"column":2},"end":{"line":2,"column":63}},"1":{"start":{"line":6,"column":22},"end":{"line":6,"column":31}},"2":{"start":{"line":7,"column":24},"end":{"line":7,"column":33}},"3":{"start":{"line":8,"column":17},"end":{"line":8,"column":26}},"4":{"start":{"line":10,"column":21},"end":{"line":10,"column":47}},"5":{"start":{"line":11,"column":2},"end":{"line":11,"column":38}},"6":{"start":{"line":12,"column":2},"end":{"line":12,"column":23}},"7":{"start":{"line":14,"column":23},"end":{"line":14,"column":51}},"8":{"start":{"line":15,"column":2},"end":{"line":15,"column":42}},"9":{"start":{"line":16,"column":2},"end":{"line":16,"column":25}},"10":{"start":{"line":17,"column":2},"end":{"line":17,"column":61}},"11":{"start":{"line":18,"column":2},"end":{"line":22,"column":4}},"12":{"start":{"line":24,"column":2},"end":{"line":24,"column":52}},"13":{"start":{"line":26,"column":28},"end":{"line":26,"column":61}},"14":{"start":{"line":27,"column":2},"end":{"line":27,"column":52}},"15":{"start":{"line":28,"column":2},"end":{"line":28,"column":30}},"16":{"start":{"line":29,"column":2},"end":{"line":29,"column":66}},"17":{"start":{"line":30,"column":2},"end":{"line":30,"column":65}},"18":{"start":{"line":31,"column":2},"end":{"line":38,"column":4}},"19":{"start":{"line":39,"column":2},"end":{"line":39,"column":57}},"20":{"start":{"line":41,"column":2},"end":{"line":41,"column":61}},"21":{"start":{"line":43,"column":17},"end":{"line":63,"column":3}},"22":{"start":{"line":65,"column":2},"end":{"line":65,"column":16}},"23":{"start":{"line":68,"column":0},"end":{"line":68,"column":42}}},"fnMap":{"0":{"name":"uuidTag","decl":{"start":{"line":1,"column":9},"end":{"line":1,"column":16}},"loc":{"start":{"line":1,"column":19},"end":{"line":3,"column":1}},"line":1},"1":{"name":"buildAdmissionBundle","decl":{"start":{"line":5,"column":9},"end":{"line":5,"column":29}},"loc":{"start":{"line":5,"column":76},"end":{"line":66,"column":1}},"line":5}},"branchMap":{"0":{"loc":{"start":{"line":5,"column":39},"end":{"line":5,"column":53}},"type":"default-arg","locations":[{"start":{"line":5,"column":51},"end":{"line":5,"column":53}}],"line":5},"1":{"loc":{"start":{"line":5,"column":55},"end":{"line":5,"column":74}},"type":"default-arg","locations":[{"start":{"line":5,"column":72},"end":{"line":5,"column":74}}],"line":5},"2":{"loc":{"start":{"line":17,"column":24},"end":{"line":17,"column":60}},"type":"binary-expr","locations":[{"start":{"line":17,"column":24},"end":{"line":17,"column":43}},{"start":{"line":17,"column":47},"end":{"line":17,"column":60}}],"line":17},"3":{"loc":{"start":{"line":18,"column":23},"end":{"line":22,"column":3}},"type":"binary-expr","locations":[{"start":{"line":18,"column":23},"end":{"line":18,"column":41}},{"start":{"line":18,"column":45},"end":{"line":22,"column":3}}],"line":18},"4":{"loc":{"start":{"line":29,"column":29},"end":{"line":29,"column":65}},"type":"binary-expr","locations":[{"start":{"line":29,"column":29},"end":{"line":29,"column":53}},{"start":{"line":29,"column":57},"end":{"line":29,"column":65}}],"line":29},"5":{"loc":{"start":{"line":30,"column":29},"end":{"line":30,"column":64}},"type":"binary-expr","locations":[{"start":{"line":30,"column":29},"end":{"line":30,"column":53}},{"start":{"line":30,"column":57},"end":{"line":30,"column":64}}],"line":30},"6":{"loc":{"start":{"line":31,"column":27},"end":{"line":38,"column":3}},"type":"binary-expr","locations":[{"start":{"line":31,"column":27},"end":{"line":31,"column":49}},{"start":{"line":31,"column":53},"end":{"line":38,"column":3}}],"line":31}},"s":{"0":9,"1":3,"2":3,"3":3,"4":3,"5":3,"6":3,"7":3,"8":3,"9":3,"10":3,"11":3,"12":3,"13":3,"14":3,"15":3,"16":3,"17":3,"18":3,"19":3,"20":3,"21":3,"22":3,"23":2},"f":{"0":9,"1":3},"b":{"0":[1],"1":[1],"2":[3,3],"3":[3,2],"4":[3,3],"5":[3,3],"6":[3,2]},"_coverageSchema":"1a1c01bbd47fc00a2c39e90264f33305004495a9","hash":"11bffbfe0ca8022d05ca7aacf24640dd12b53179"}
,"/Users/alexd/Documents/isis/src/fhirClient.js": {"path":"/Users/alexd/Documents/isis/src/fhirClient.js","statementMap":{"0":{"start":{"line":1,"column":14},"end":{"line":1,"column":30}},"1":{"start":{"line":3,"column":18},"end":{"line":3,"column":78}},"2":{"start":{"line":4,"column":23},"end":{"line":4,"column":52}},"3":{"start":{"line":5,"column":36},"end":{"line":5,"column":58}},"4":{"start":{"line":9,"column":4},"end":{"line":9,"column":19}},"5":{"start":{"line":10,"column":4},"end":{"line":10,"column":35}},"6":{"start":{"line":11,"column":4},"end":{"line":11,"column":25}},"7":{"start":{"line":12,"column":4},"end":{"line":12,"column":45}},"8":{"start":{"line":18,"column":4},"end":{"line":18,"column":19}},"9":{"start":{"line":19,"column":4},"end":{"line":19,"column":33}},"10":{"start":{"line":24,"column":18},"end":{"line":24,"column":46}},"11":{"start":{"line":25,"column":21},"end":{"line":25,"column":93}},"12":{"start":{"line":26,"column":17},"end":{"line":26,"column":31}},"13":{"start":{"line":27,"column":14},"end":{"line":27,"column":34}},"14":{"start":{"line":28,"column":15},"end":{"line":28,"column":81}},"15":{"start":{"line":29,"column":2},"end":{"line":29,"column":19}},"16":{"start":{"line":33,"column":18},"end":{"line":33,"column":46}},"17":{"start":{"line":34,"column":18},"end":{"line":34,"column":42}},"18":{"start":{"line":35,"column":21},"end":{"line":35,"column":72}},"19":{"start":{"line":37,"column":16},"end":{"line":37,"column":17}},"20":{"start":{"line":38,"column":22},"end":{"line":106,"column":3}},"21":{"start":{"line":39,"column":4},"end":{"line":39,"column":14}},"22":{"start":{"line":40,"column":4},"end":{"line":105,"column":5}},"23":{"start":{"line":42,"column":6},"end":{"line":48,"column":7}},"24":{"start":{"line":43,"column":22},"end":{"line":43,"column":53}},"25":{"start":{"line":44,"column":8},"end":{"line":47,"column":9}},"26":{"start":{"line":45,"column":21},"end":{"line":45,"column":78}},"27":{"start":{"line":46,"column":10},"end":{"line":46,"column":82}},"28":{"start":{"line":49,"column":19},"end":{"line":52,"column":8}},"29":{"start":{"line":55,"column":6},"end":{"line":63,"column":7}},"30":{"start":{"line":56,"column":24},"end":{"line":56,"column":26}},"31":{"start":{"line":57,"column":8},"end":{"line":61,"column":9}},"32":{"start":{"line":58,"column":29},"end":{"line":58,"column":137}},"33":{"start":{"line":59,"column":22},"end":{"line":59,"column":131}},"34":{"start":{"line":60,"column":10},"end":{"line":60,"column":150}},"35":{"start":{"line":62,"column":8},"end":{"line":62,"column":23}},"36":{"start":{"line":66,"column":6},"end":{"line":68,"column":7}},"37":{"start":{"line":67,"column":8},"end":{"line":67,"column":88}},"38":{"start":{"line":71,"column":6},"end":{"line":71,"column":23}},"39":{"start":{"line":73,"column":6},"end":{"line":75,"column":7}},"40":{"start":{"line":74,"column":8},"end":{"line":74,"column":18}},"41":{"start":{"line":77,"column":6},"end":{"line":96,"column":7}},"42":{"start":{"line":78,"column":23},"end":{"line":78,"column":42}},"43":{"start":{"line":79,"column":21},"end":{"line":79,"column":38}},"44":{"start":{"line":80,"column":8},"end":{"line":82,"column":9}},"45":{"start":{"line":81,"column":10},"end":{"line":81,"column":95}},"46":{"start":{"line":85,"column":8},"end":{"line":92,"column":9}},"47":{"start":{"line":86,"column":10},"end":{"line":90,"column":11}},"48":{"start":{"line":87,"column":28},"end":{"line":87,"column":58}},"49":{"start":{"line":88,"column":12},"end":{"line":88,"column":59}},"50":{"start":{"line":88,"column":35},"end":{"line":88,"column":57}},"51":{"start":{"line":89,"column":12},"end":{"line":89,"column":33}},"52":{"start":{"line":91,"column":10},"end":{"line":91,"column":87}},"53":{"start":{"line":95,"column":8},"end":{"line":95,"column":73}},"54":{"start":{"line":99,"column":6},"end":{"line":103,"column":7}},"55":{"start":{"line":100,"column":24},"end":{"line":100,"column":54}},"56":{"start":{"line":101,"column":8},"end":{"line":101,"column":55}},"57":{"start":{"line":101,"column":31},"end":{"line":101,"column":53}},"58":{"start":{"line":102,"column":8},"end":{"line":102,"column":29}},"59":{"start":{"line":104,"column":6},"end":{"line":104,"column":63}},"60":{"start":{"line":108,"column":2},"end":{"line":108,"column":23}},"61":{"start":{"line":111,"column":0},"end":{"line":111,"column":93}}},"fnMap":{"0":{"name":"(anonymous_0)","decl":{"start":{"line":8,"column":2},"end":{"line":8,"column":3}},"loc":{"start":{"line":8,"column":49},"end":{"line":13,"column":3}},"line":8},"1":{"name":"(anonymous_1)","decl":{"start":{"line":17,"column":2},"end":{"line":17,"column":3}},"loc":{"start":{"line":17,"column":23},"end":{"line":20,"column":3}},"line":17},"2":{"name":"searchPatientByIns","decl":{"start":{"line":23,"column":15},"end":{"line":23,"column":33}},"loc":{"start":{"line":23,"column":53},"end":{"line":30,"column":1}},"line":23},"3":{"name":"submitTransaction","decl":{"start":{"line":32,"column":15},"end":{"line":32,"column":32}},"loc":{"start":{"line":32,"column":55},"end":{"line":109,"column":1}},"line":32},"4":{"name":"(anonymous_4)","decl":{"start":{"line":38,"column":22},"end":{"line":38,"column":23}},"loc":{"start":{"line":38,"column":34},"end":{"line":106,"column":3}},"line":38},"5":{"name":"(anonymous_5)","decl":{"start":{"line":88,"column":30},"end":{"line":88,"column":31}},"loc":{"start":{"line":88,"column":35},"end":{"line":88,"column":57}},"line":88},"6":{"name":"(anonymous_6)","decl":{"start":{"line":101,"column":26},"end":{"line":101,"column":27}},"loc":{"start":{"line":101,"column":31},"end":{"line":101,"column":53}},"line":101}},"branchMap":{"0":{"loc":{"start":{"line":3,"column":18},"end":{"line":3,"column":78}},"type":"binary-expr","locations":[{"start":{"line":3,"column":18},"end":{"line":3,"column":44}},{"start":{"line":3,"column":48},"end":{"line":3,"column":78}}],"line":3},"1":{"loc":{"start":{"line":23,"column":39},"end":{"line":23,"column":51}},"type":"default-arg","locations":[{"start":{"line":23,"column":49},"end":{"line":23,"column":51}}],"line":23},"2":{"loc":{"start":{"line":24,"column":18},"end":{"line":24,"column":46}},"type":"binary-expr","locations":[{"start":{"line":24,"column":18},"end":{"line":24,"column":33}},{"start":{"line":24,"column":37},"end":{"line":24,"column":46}}],"line":24},"3":{"loc":{"start":{"line":25,"column":21},"end":{"line":25,"column":93}},"type":"cond-expr","locations":[{"start":{"line":25,"column":61},"end":{"line":25,"column":87}},{"start":{"line":25,"column":90},"end":{"line":25,"column":93}}],"line":25},"4":{"loc":{"start":{"line":25,"column":47},"end":{"line":25,"column":56}},"type":"binary-expr","locations":[{"start":{"line":25,"column":47},"end":{"line":25,"column":50}},{"start":{"line":25,"column":54},"end":{"line":25,"column":56}}],"line":25},"5":{"loc":{"start":{"line":28,"column":55},"end":{"line":28,"column":78}},"type":"binary-expr","locations":[{"start":{"line":28,"column":55},"end":{"line":28,"column":70}},{"start":{"line":28,"column":74},"end":{"line":28,"column":78}}],"line":28},"6":{"loc":{"start":{"line":32,"column":41},"end":{"line":32,"column":53}},"type":"default-arg","locations":[{"start":{"line":32,"column":51},"end":{"line":32,"column":53}}],"line":32},"7":{"loc":{"start":{"line":33,"column":18},"end":{"line":33,"column":46}},"type":"binary-expr","locations":[{"start":{"line":33,"column":18},"end":{"line":33,"column":33}},{"start":{"line":33,"column":37},"end":{"line":33,"column":46}}],"line":33},"8":{"loc":{"start":{"line":34,"column":18},"end":{"line":34,"column":42}},"type":"binary-expr","locations":[{"start":{"line":34,"column":18},"end":{"line":34,"column":33}},{"start":{"line":34,"column":37},"end":{"line":34,"column":42}}],"line":34},"9":{"loc":{"start":{"line":35,"column":21},"end":{"line":35,"column":72}},"type":"cond-expr","locations":[{"start":{"line":35,"column":50},"end":{"line":35,"column":68}},{"start":{"line":35,"column":71},"end":{"line":35,"column":72}}],"line":35},"10":{"loc":{"start":{"line":42,"column":6},"end":{"line":48,"column":7}},"type":"if","locations":[{"start":{"line":42,"column":6},"end":{"line":48,"column":7}},{"start":{},"end":{}}],"line":42},"11":{"loc":{"start":{"line":44,"column":8},"end":{"line":47,"column":9}},"type":"if","locations":[{"start":{"line":44,"column":8},"end":{"line":47,"column":9}},{"start":{},"end":{}}],"line":44},"12":{"loc":{"start":{"line":55,"column":6},"end":{"line":63,"column":7}},"type":"if","locations":[{"start":{"line":55,"column":6},"end":{"line":63,"column":7}},{"start":{},"end":{}}],"line":55},"13":{"loc":{"start":{"line":55,"column":10},"end":{"line":55,"column":111}},"type":"binary-expr","locations":[{"start":{"line":55,"column":10},"end":{"line":55,"column":14}},{"start":{"line":55,"column":18},"end":{"line":55,"column":27}},{"start":{"line":55,"column":31},"end":{"line":55,"column":66}},{"start":{"line":55,"column":70},"end":{"line":55,"column":111}}],"line":55},"14":{"loc":{"start":{"line":57,"column":28},"end":{"line":57,"column":49}},"type":"binary-expr","locations":[{"start":{"line":57,"column":28},"end":{"line":57,"column":43}},{"start":{"line":57,"column":47},"end":{"line":57,"column":49}}],"line":57},"15":{"loc":{"start":{"line":58,"column":29},"end":{"line":58,"column":137}},"type":"binary-expr","locations":[{"start":{"line":58,"column":30},"end":{"line":58,"column":43}},{"start":{"line":58,"column":47},"end":{"line":58,"column":64}},{"start":{"line":58,"column":69},"end":{"line":58,"column":82}},{"start":{"line":58,"column":87},"end":{"line":58,"column":101}},{"start":{"line":58,"column":105},"end":{"line":58,"column":128}},{"start":{"line":58,"column":133},"end":{"line":58,"column":137}}],"line":58},"16":{"loc":{"start":{"line":59,"column":22},"end":{"line":59,"column":131}},"type":"binary-expr","locations":[{"start":{"line":59,"column":22},"end":{"line":59,"column":32}},{"start":{"line":59,"column":37},"end":{"line":59,"column":51}},{"start":{"line":59,"column":55},"end":{"line":59,"column":78}},{"start":{"line":59,"column":83},"end":{"line":59,"column":131}}],"line":59},"17":{"loc":{"start":{"line":60,"column":37},"end":{"line":60,"column":88}},"type":"binary-expr","locations":[{"start":{"line":60,"column":38},"end":{"line":60,"column":52}},{"start":{"line":60,"column":56},"end":{"line":60,"column":79}},{"start":{"line":60,"column":84},"end":{"line":60,"column":88}}],"line":60},"18":{"loc":{"start":{"line":60,"column":98},"end":{"line":60,"column":147}},"type":"binary-expr","locations":[{"start":{"line":60,"column":99},"end":{"line":60,"column":113}},{"start":{"line":60,"column":117},"end":{"line":60,"column":138}},{"start":{"line":60,"column":143},"end":{"line":60,"column":147}}],"line":60},"19":{"loc":{"start":{"line":66,"column":6},"end":{"line":68,"column":7}},"type":"if","locations":[{"start":{"line":66,"column":6},"end":{"line":68,"column":7}},{"start":{},"end":{}}],"line":66},"20":{"loc":{"start":{"line":66,"column":10},"end":{"line":66,"column":76}},"type":"binary-expr","locations":[{"start":{"line":66,"column":10},"end":{"line":66,"column":14}},{"start":{"line":66,"column":18},"end":{"line":66,"column":27}},{"start":{"line":66,"column":31},"end":{"line":66,"column":76}}],"line":66},"21":{"loc":{"start":{"line":73,"column":6},"end":{"line":75,"column":7}},"type":"if","locations":[{"start":{"line":73,"column":6},"end":{"line":75,"column":7}},{"start":{},"end":{}}],"line":73},"22":{"loc":{"start":{"line":73,"column":10},"end":{"line":73,"column":74}},"type":"binary-expr","locations":[{"start":{"line":73,"column":10},"end":{"line":73,"column":41}},{"start":{"line":73,"column":45},"end":{"line":73,"column":74}}],"line":73},"23":{"loc":{"start":{"line":77,"column":6},"end":{"line":96,"column":7}},"type":"if","locations":[{"start":{"line":77,"column":6},"end":{"line":96,"column":7}},{"start":{},"end":{}}],"line":77},"24":{"loc":{"start":{"line":80,"column":8},"end":{"line":82,"column":9}},"type":"if","locations":[{"start":{"line":80,"column":8},"end":{"line":82,"column":9}},{"start":{},"end":{}}],"line":80},"25":{"loc":{"start":{"line":80,"column":12},"end":{"line":80,"column":60}},"type":"binary-expr","locations":[{"start":{"line":80,"column":12},"end":{"line":80,"column":16}},{"start":{"line":80,"column":20},"end":{"line":80,"column":60}}],"line":80},"26":{"loc":{"start":{"line":85,"column":8},"end":{"line":92,"column":9}},"type":"if","locations":[{"start":{"line":85,"column":8},"end":{"line":92,"column":9}},{"start":{},"end":{}}],"line":85},"27":{"loc":{"start":{"line":85,"column":12},"end":{"line":85,"column":41}},"type":"binary-expr","locations":[{"start":{"line":85,"column":12},"end":{"line":85,"column":25}},{"start":{"line":85,"column":29},"end":{"line":85,"column":41}}],"line":85},"28":{"loc":{"start":{"line":86,"column":10},"end":{"line":90,"column":11}},"type":"if","locations":[{"start":{"line":86,"column":10},"end":{"line":90,"column":11}},{"start":{},"end":{}}],"line":86},"29":{"loc":{"start":{"line":99,"column":6},"end":{"line":103,"column":7}},"type":"if","locations":[{"start":{"line":99,"column":6},"end":{"line":103,"column":7}},{"start":{},"end":{}}],"line":99},"30":{"loc":{"start":{"line":104,"column":31},"end":{"line":104,"column":61}},"type":"binary-expr","locations":[{"start":{"line":104,"column":31},"end":{"line":104,"column":42}},{"start":{"line":104,"column":46},"end":{"line":104,"column":61}}],"line":104}},"s":{"0":3,"1":3,"2":3,"3":3,"4":1,"5":1,"6":1,"7":1,"8":1,"9":1,"10":1,"11":1,"12":1,"13":1,"14":1,"15":1,"16":4,"17":4,"18":4,"19":4,"20":4,"21":6,"22":6,"23":6,"24":0,"25":0,"26":0,"27":0,"28":6,"29":2,"30":2,"31":2,"32":4,"33":4,"34":4,"35":2,"36":0,"37":0,"38":0,"39":4,"40":0,"41":4,"42":4,"43":4,"44":4,"45":1,"46":3,"47":3,"48":2,"49":2,"50":2,"51":2,"52":1,"53":0,"54":0,"55":0,"56":0,"57":0,"58":0,"59":0,"60":4,"61":3},"f":{"0":1,"1":1,"2":1,"3":4,"4":6,"5":2,"6":0},"b":{"0":[3,3],"1":[1],"2":[1,1],"3":[0,1],"4":[1,0],"5":[1,1],"6":[0],"7":[4,0],"8":[4,4],"9":[1,3],"10":[0,6],"11":[0,0],"12":[2,0],"13":[2,2,2,2],"14":[2,0],"15":[4,0,4,4,4,0],"16":[4,0,0,0],"17":[4,4,0],"18":[4,4,0],"19":[0,0],"20":[0,0,0],"21":[0,4],"22":[4,4],"23":[4,0],"24":[1,3],"25":[4,4],"26":[3,0],"27":[3,3],"28":[2,1],"29":[0,0],"30":[0,0]},"_coverageSchema":"1a1c01bbd47fc00a2c39e90264f33305004495a9","hash":"8ae09da7068f9245fd83e72314d7b33cf5d60bb6"}
,"/Users/alexd/Documents/isis/src/transformer.js": {"path":"/Users/alexd/Documents/isis/src/transformer.js","statementMap":{"0":{"start":{"line":2,"column":16},"end":{"line":2,"column":103}},"1":{"start":{"line":3,"column":13},"end":{"line":3,"column":37}},"2":{"start":{"line":5,"column":21},"end":{"line":5,"column":23}},"3":{"start":{"line":6,"column":2},"end":{"line":9,"column":3}},"4":{"start":{"line":7,"column":14},"end":{"line":7,"column":57}},"5":{"start":{"line":8,"column":4},"end":{"line":8,"column":31}},"6":{"start":{"line":8,"column":11},"end":{"line":8,"column":31}},"7":{"start":{"line":11,"column":17},"end":{"line":11,"column":93}},"8":{"start":{"line":12,"column":16},"end":{"line":12,"column":124}},"9":{"start":{"line":13,"column":14},"end":{"line":13,"column":70}},"10":{"start":{"line":14,"column":20},"end":{"line":14,"column":72}},"11":{"start":{"line":15,"column":14},"end":{"line":15,"column":97}},"12":{"start":{"line":17,"column":15},"end":{"line":17,"column":80}},"13":{"start":{"line":19,"column":14},"end":{"line":19,"column":64}},"14":{"start":{"line":20,"column":2},"end":{"line":20,"column":13}},"15":{"start":{"line":24,"column":14},"end":{"line":24,"column":38}},"16":{"start":{"line":25,"column":20},"end":{"line":25,"column":90}},"17":{"start":{"line":26,"column":14},"end":{"line":26,"column":101}},"18":{"start":{"line":27,"column":14},"end":{"line":27,"column":65}},"19":{"start":{"line":28,"column":14},"end":{"line":28,"column":66}},"20":{"start":{"line":30,"column":18},"end":{"line":30,"column":75}},"21":{"start":{"line":31,"column":12},"end":{"line":31,"column":16}},"22":{"start":{"line":32,"column":2},"end":{"line":37,"column":3}},"23":{"start":{"line":33,"column":19},"end":{"line":33,"column":81}},"24":{"start":{"line":33,"column":49},"end":{"line":33,"column":80}},"25":{"start":{"line":34,"column":4},"end":{"line":36,"column":5}},"26":{"start":{"line":35,"column":6},"end":{"line":35,"column":79}},"27":{"start":{"line":39,"column":16},"end":{"line":39,"column":36}},"28":{"start":{"line":40,"column":2},"end":{"line":40,"column":27}},"29":{"start":{"line":40,"column":11},"end":{"line":40,"column":27}},"30":{"start":{"line":43,"column":23},"end":{"line":43,"column":27}},"31":{"start":{"line":44,"column":2},"end":{"line":47,"column":3}},"32":{"start":{"line":45,"column":16},"end":{"line":45,"column":146}},"33":{"start":{"line":45,"column":44},"end":{"line":45,"column":145}},"34":{"start":{"line":46,"column":4},"end":{"line":46,"column":65}},"35":{"start":{"line":46,"column":32},"end":{"line":46,"column":65}},"36":{"start":{"line":49,"column":2},"end":{"line":49,"column":100}},"37":{"start":{"line":49,"column":60},"end":{"line":49,"column":100}},"38":{"start":{"line":51,"column":2},"end":{"line":54,"column":3}},"39":{"start":{"line":53,"column":4},"end":{"line":53,"column":40}},"40":{"start":{"line":55,"column":2},"end":{"line":55,"column":26}},"41":{"start":{"line":58,"column":0},"end":{"line":58,"column":53}}},"fnMap":{"0":{"name":"buildPidSegment","decl":{"start":{"line":1,"column":9},"end":{"line":1,"column":24}},"loc":{"start":{"line":1,"column":34},"end":{"line":21,"column":1}},"line":1},"1":{"name":"generateAdtA04","decl":{"start":{"line":23,"column":9},"end":{"line":23,"column":23}},"loc":{"start":{"line":23,"column":85},"end":{"line":56,"column":1}},"line":23},"2":{"name":"(anonymous_2)","decl":{"start":{"line":33,"column":44},"end":{"line":33,"column":45}},"loc":{"start":{"line":33,"column":49},"end":{"line":33,"column":80}},"line":33},"3":{"name":"(anonymous_3)","decl":{"start":{"line":45,"column":39},"end":{"line":45,"column":40}},"loc":{"start":{"line":45,"column":44},"end":{"line":45,"column":145}},"line":45}},"branchMap":{"0":{"loc":{"start":{"line":2,"column":16},"end":{"line":2,"column":103}},"type":"cond-expr","locations":[{"start":{"line":2,"column":75},"end":{"line":2,"column":96}},{"start":{"line":2,"column":99},"end":{"line":2,"column":103}}],"line":2},"1":{"loc":{"start":{"line":2,"column":17},"end":{"line":2,"column":71}},"type":"binary-expr","locations":[{"start":{"line":2,"column":17},"end":{"line":2,"column":24}},{"start":{"line":2,"column":28},"end":{"line":2,"column":46}},{"start":{"line":2,"column":50},"end":{"line":2,"column":71}}],"line":2},"2":{"loc":{"start":{"line":3,"column":13},"end":{"line":3,"column":37}},"type":"cond-expr","locations":[{"start":{"line":3,"column":21},"end":{"line":3,"column":32}},{"start":{"line":3,"column":35},"end":{"line":3,"column":37}}],"line":3},"3":{"loc":{"start":{"line":6,"column":2},"end":{"line":9,"column":3}},"type":"if","locations":[{"start":{"line":6,"column":2},"end":{"line":9,"column":3}},{"start":{},"end":{}}],"line":6},"4":{"loc":{"start":{"line":6,"column":6},"end":{"line":6,"column":27}},"type":"binary-expr","locations":[{"start":{"line":6,"column":6},"end":{"line":6,"column":11}},{"start":{"line":6,"column":15},"end":{"line":6,"column":27}}],"line":6},"5":{"loc":{"start":{"line":8,"column":4},"end":{"line":8,"column":31}},"type":"if","locations":[{"start":{"line":8,"column":4},"end":{"line":8,"column":31}},{"start":{},"end":{}}],"line":8},"6":{"loc":{"start":{"line":11,"column":17},"end":{"line":11,"column":93}},"type":"binary-expr","locations":[{"start":{"line":11,"column":18},"end":{"line":11,"column":25}},{"start":{"line":11,"column":29},"end":{"line":11,"column":41}},{"start":{"line":11,"column":45},"end":{"line":11,"column":60}},{"start":{"line":11,"column":64},"end":{"line":11,"column":86}},{"start":{"line":11,"column":91},"end":{"line":11,"column":93}}],"line":11},"7":{"loc":{"start":{"line":12,"column":16},"end":{"line":12,"column":124}},"type":"cond-expr","locations":[{"start":{"line":12,"column":88},"end":{"line":12,"column":119}},{"start":{"line":12,"column":122},"end":{"line":12,"column":124}}],"line":12},"8":{"loc":{"start":{"line":12,"column":17},"end":{"line":12,"column":84}},"type":"binary-expr","locations":[{"start":{"line":12,"column":17},"end":{"line":12,"column":24}},{"start":{"line":12,"column":28},"end":{"line":12,"column":40}},{"start":{"line":12,"column":44},"end":{"line":12,"column":59}},{"start":{"line":12,"column":63},"end":{"line":12,"column":84}}],"line":12},"9":{"loc":{"start":{"line":13,"column":15},"end":{"line":13,"column":51}},"type":"binary-expr","locations":[{"start":{"line":13,"column":16},"end":{"line":13,"column":23}},{"start":{"line":13,"column":27},"end":{"line":13,"column":44}},{"start":{"line":13,"column":49},"end":{"line":13,"column":51}}],"line":13},"10":{"loc":{"start":{"line":15,"column":14},"end":{"line":15,"column":97}},"type":"binary-expr","locations":[{"start":{"line":15,"column":14},"end":{"line":15,"column":58}},{"start":{"line":15,"column":64},"end":{"line":15,"column":71}},{"start":{"line":15,"column":75},"end":{"line":15,"column":89}},{"start":{"line":15,"column":94},"end":{"line":15,"column":96}}],"line":15},"11":{"loc":{"start":{"line":15,"column":24},"end":{"line":15,"column":57}},"type":"binary-expr","locations":[{"start":{"line":15,"column":25},"end":{"line":15,"column":32}},{"start":{"line":15,"column":36},"end":{"line":15,"column":50}},{"start":{"line":15,"column":55},"end":{"line":15,"column":57}}],"line":15},"12":{"loc":{"start":{"line":17,"column":15},"end":{"line":17,"column":80}},"type":"cond-expr","locations":[{"start":{"line":17,"column":30},"end":{"line":17,"column":70}},{"start":{"line":17,"column":73},"end":{"line":17,"column":80}}],"line":17},"13":{"loc":{"start":{"line":23,"column":33},"end":{"line":23,"column":47}},"type":"default-arg","locations":[{"start":{"line":23,"column":45},"end":{"line":23,"column":47}}],"line":23},"14":{"loc":{"start":{"line":23,"column":49},"end":{"line":23,"column":60}},"type":"default-arg","locations":[{"start":{"line":23,"column":58},"end":{"line":23,"column":60}}],"line":23},"15":{"loc":{"start":{"line":23,"column":62},"end":{"line":23,"column":83}},"type":"default-arg","locations":[{"start":{"line":23,"column":79},"end":{"line":23,"column":83}}],"line":23},"16":{"loc":{"start":{"line":27,"column":40},"end":{"line":27,"column":63}},"type":"binary-expr","locations":[{"start":{"line":27,"column":40},"end":{"line":27,"column":51}},{"start":{"line":27,"column":55},"end":{"line":27,"column":63}}],"line":27},"17":{"loc":{"start":{"line":28,"column":25},"end":{"line":28,"column":64}},"type":"binary-expr","locations":[{"start":{"line":28,"column":26},"end":{"line":28,"column":35}},{"start":{"line":28,"column":39},"end":{"line":28,"column":57}},{"start":{"line":28,"column":62},"end":{"line":28,"column":64}}],"line":28},"18":{"loc":{"start":{"line":30,"column":18},"end":{"line":30,"column":75}},"type":"binary-expr","locations":[{"start":{"line":30,"column":18},"end":{"line":30,"column":32}},{"start":{"line":30,"column":37},"end":{"line":30,"column":46}},{"start":{"line":30,"column":50},"end":{"line":30,"column":74}}],"line":30},"19":{"loc":{"start":{"line":32,"column":2},"end":{"line":37,"column":3}},"type":"if","locations":[{"start":{"line":32,"column":2},"end":{"line":37,"column":3}},{"start":{},"end":{}}],"line":32},"20":{"loc":{"start":{"line":32,"column":6},"end":{"line":32,"column":67}},"type":"binary-expr","locations":[{"start":{"line":32,"column":6},"end":{"line":32,"column":13}},{"start":{"line":32,"column":17},"end":{"line":32,"column":29}},{"start":{"line":32,"column":33},"end":{"line":32,"column":67}}],"line":32},"21":{"loc":{"start":{"line":34,"column":4},"end":{"line":36,"column":5}},"type":"if","locations":[{"start":{"line":34,"column":4},"end":{"line":36,"column":5}},{"start":{},"end":{}}],"line":34},"22":{"loc":{"start":{"line":35,"column":38},"end":{"line":35,"column":58}},"type":"binary-expr","locations":[{"start":{"line":35,"column":38},"end":{"line":35,"column":52}},{"start":{"line":35,"column":56},"end":{"line":35,"column":58}}],"line":35},"23":{"loc":{"start":{"line":40,"column":2},"end":{"line":40,"column":27}},"type":"if","locations":[{"start":{"line":40,"column":2},"end":{"line":40,"column":27}},{"start":{},"end":{}}],"line":40},"24":{"loc":{"start":{"line":44,"column":2},"end":{"line":47,"column":3}},"type":"if","locations":[{"start":{"line":44,"column":2},"end":{"line":47,"column":3}},{"start":{},"end":{}}],"line":44},"25":{"loc":{"start":{"line":44,"column":6},"end":{"line":44,"column":49}},"type":"binary-expr","locations":[{"start":{"line":44,"column":6},"end":{"line":44,"column":13}},{"start":{"line":44,"column":17},"end":{"line":44,"column":49}}],"line":44},"26":{"loc":{"start":{"line":45,"column":44},"end":{"line":45,"column":145}},"type":"binary-expr","locations":[{"start":{"line":45,"column":45},"end":{"line":45,"column":50}},{"start":{"line":45,"column":54},"end":{"line":45,"column":89}},{"start":{"line":45,"column":95},"end":{"line":45,"column":100}},{"start":{"line":45,"column":104},"end":{"line":45,"column":144}}],"line":45},"27":{"loc":{"start":{"line":46,"column":4},"end":{"line":46,"column":65}},"type":"if","locations":[{"start":{"line":46,"column":4},"end":{"line":46,"column":65}},{"start":{},"end":{}}],"line":46},"28":{"loc":{"start":{"line":46,"column":8},"end":{"line":46,"column":30}},"type":"binary-expr","locations":[{"start":{"line":46,"column":8},"end":{"line":46,"column":11}},{"start":{"line":46,"column":15},"end":{"line":46,"column":30}}],"line":46},"29":{"loc":{"start":{"line":49,"column":2},"end":{"line":49,"column":100}},"type":"if","locations":[{"start":{"line":49,"column":2},"end":{"line":49,"column":100}},{"start":{},"end":{}}],"line":49},"30":{"loc":{"start":{"line":49,"column":6},"end":{"line":49,"column":58}},"type":"binary-expr","locations":[{"start":{"line":49,"column":6},"end":{"line":49,"column":21}},{"start":{"line":49,"column":25},"end":{"line":49,"column":32}},{"start":{"line":49,"column":36},"end":{"line":49,"column":58}}],"line":49},"31":{"loc":{"start":{"line":51,"column":2},"end":{"line":54,"column":3}},"type":"if","locations":[{"start":{"line":51,"column":2},"end":{"line":54,"column":3}},{"start":{},"end":{}}],"line":51}},"s":{"0":4,"1":4,"2":4,"3":4,"4":1,"5":1,"6":1,"7":4,"8":4,"9":4,"10":4,"11":4,"12":4,"13":4,"14":4,"15":3,"16":3,"17":3,"18":3,"19":3,"20":3,"21":3,"22":3,"23":1,"24":1,"25":1,"26":1,"27":3,"28":3,"29":1,"30":3,"31":3,"32":0,"33":0,"34":0,"35":0,"36":3,"37":1,"38":3,"39":1,"40":3,"41":3},"f":{"0":4,"1":3,"2":1,"3":0},"b":{"0":[4,0],"1":[4,4,4],"2":[4,0],"3":[1,3],"4":[4,4],"5":[1,0],"6":[4,4,4,4,0],"7":[4,0],"8":[4,4,4,4],"9":[4,4,0],"10":[4,3,3,0],"11":[4,4,0],"12":[1,3],"13":[0],"14":[0],"15":[2],"16":[3,0],"17":[3,3,2],"18":[3,2,2],"19":[1,2],"20":[3,1,1],"21":[1,0],"22":[1,0],"23":[1,2],"24":[0,3],"25":[3,3],"26":[0,0,0,0],"27":[0,0],"28":[0,0],"29":[1,2],"30":[3,3,3],"31":[1,2]},"_coverageSchema":"1a1c01bbd47fc00a2c39e90264f33305004495a9","hash":"68104628282f4ed1b5aadcdc66ceafedb2c154ea"}
,"/Users/alexd/Documents/isis/src/validator.js": {"path":"/Users/alexd/Documents/isis/src/validator.js","statementMap":{"0":{"start":{"line":2,"column":17},"end":{"line":2,"column":19}},"1":{"start":{"line":3,"column":2},"end":{"line":6,"column":3}},"2":{"start":{"line":4,"column":4},"end":{"line":4,"column":92}},"3":{"start":{"line":5,"column":4},"end":{"line":5,"column":36}},"4":{"start":{"line":7,"column":2},"end":{"line":9,"column":3}},"5":{"start":{"line":8,"column":4},"end":{"line":8,"column":115}},"6":{"start":{"line":10,"column":2},"end":{"line":13,"column":3}},"7":{"start":{"line":11,"column":4},"end":{"line":11,"column":94}},"8":{"start":{"line":12,"column":4},"end":{"line":12,"column":36}},"9":{"start":{"line":14,"column":2},"end":{"line":21,"column":3}},"10":{"start":{"line":15,"column":4},"end":{"line":17,"column":5}},"11":{"start":{"line":16,"column":6},"end":{"line":16,"column":99}},"12":{"start":{"line":18,"column":4},"end":{"line":20,"column":5}},"13":{"start":{"line":19,"column":6},"end":{"line":19,"column":107}},"14":{"start":{"line":22,"column":16},"end":{"line":22,"column":59}},"15":{"start":{"line":22,"column":35},"end":{"line":22,"column":58}},"16":{"start":{"line":23,"column":2},"end":{"line":23,"column":27}},"17":{"start":{"line":26,"column":0},"end":{"line":26,"column":45}}},"fnMap":{"0":{"name":"validateBundleStructure","decl":{"start":{"line":1,"column":9},"end":{"line":1,"column":32}},"loc":{"start":{"line":1,"column":41},"end":{"line":24,"column":1}},"line":1},"1":{"name":"(anonymous_1)","decl":{"start":{"line":22,"column":29},"end":{"line":22,"column":30}},"loc":{"start":{"line":22,"column":35},"end":{"line":22,"column":58}},"line":22}},"branchMap":{"0":{"loc":{"start":{"line":3,"column":2},"end":{"line":6,"column":3}},"type":"if","locations":[{"start":{"line":3,"column":2},"end":{"line":6,"column":3}},{"start":{},"end":{}}],"line":3},"1":{"loc":{"start":{"line":3,"column":6},"end":{"line":3,"column":49}},"type":"binary-expr","locations":[{"start":{"line":3,"column":6},"end":{"line":3,"column":13}},{"start":{"line":3,"column":17},"end":{"line":3,"column":49}}],"line":3},"2":{"loc":{"start":{"line":7,"column":2},"end":{"line":9,"column":3}},"type":"if","locations":[{"start":{"line":7,"column":2},"end":{"line":9,"column":3}},{"start":{},"end":{}}],"line":7},"3":{"loc":{"start":{"line":10,"column":2},"end":{"line":13,"column":3}},"type":"if","locations":[{"start":{"line":10,"column":2},"end":{"line":13,"column":3}},{"start":{},"end":{}}],"line":10},"4":{"loc":{"start":{"line":10,"column":6},"end":{"line":10,"column":63}},"type":"binary-expr","locations":[{"start":{"line":10,"column":6},"end":{"line":10,"column":34}},{"start":{"line":10,"column":38},"end":{"line":10,"column":63}}],"line":10},"5":{"loc":{"start":{"line":14,"column":28},"end":{"line":14,"column":46}},"type":"binary-expr","locations":[{"start":{"line":14,"column":28},"end":{"line":14,"column":40}},{"start":{"line":14,"column":44},"end":{"line":14,"column":46}}],"line":14},"6":{"loc":{"start":{"line":15,"column":4},"end":{"line":17,"column":5}},"type":"if","locations":[{"start":{"line":15,"column":4},"end":{"line":17,"column":5}},{"start":{},"end":{}}],"line":15},"7":{"loc":{"start":{"line":15,"column":8},"end":{"line":15,"column":55}},"type":"binary-expr","locations":[{"start":{"line":15,"column":8},"end":{"line":15,"column":23}},{"start":{"line":15,"column":27},"end":{"line":15,"column":55}}],"line":15},"8":{"loc":{"start":{"line":18,"column":4},"end":{"line":20,"column":5}},"type":"if","locations":[{"start":{"line":18,"column":4},"end":{"line":20,"column":5}},{"start":{},"end":{}}],"line":18},"9":{"loc":{"start":{"line":18,"column":8},"end":{"line":18,"column":69}},"type":"binary-expr","locations":[{"start":{"line":18,"column":8},"end":{"line":18,"column":22}},{"start":{"line":18,"column":26},"end":{"line":18,"column":47}},{"start":{"line":18,"column":51},"end":{"line":18,"column":69}}],"line":18}},"s":{"0":2,"1":2,"2":1,"3":1,"4":1,"5":0,"6":1,"7":0,"8":0,"9":1,"10":1,"11":0,"12":1,"13":0,"14":1,"15":0,"16":1,"17":4},"f":{"0":2,"1":0},"b":{"0":[1,1],"1":[2,1],"2":[0,1],"3":[0,1],"4":[1,1],"5":[1,0],"6":[0,1],"7":[1,1],"8":[0,1],"9":[1,1,1]},"_coverageSchema":"1a1c01bbd47fc00a2c39e90264f33305004495a9","hash":"db354311b28316c31a86eff55cd80d14ac7964fa"}
,"/Users/alexd/Documents/isis/web/app.js": {"path":"/Users/alexd/Documents/isis/web/app.js","statementMap":{"0":{"start":{"line":1,"column":0},"end":{"line":106,"column":3}},"1":{"start":{"line":2,"column":2},"end":{"line":2,"column":21}},"2":{"start":{"line":3,"column":14},"end":{"line":3,"column":50}},"3":{"start":{"line":4,"column":14},"end":{"line":4,"column":72}},"4":{"start":{"line":5,"column":15},"end":{"line":5,"column":31}},"5":{"start":{"line":8,"column":16},"end":{"line":8,"column":20}},"6":{"start":{"line":9,"column":2},"end":{"line":15,"column":3}},"7":{"start":{"line":10,"column":4},"end":{"line":12,"column":5}},"8":{"start":{"line":11,"column":6},"end":{"line":11,"column":95}},"9":{"start":{"line":11,"column":65},"end":{"line":11,"column":86}},"10":{"start":{"line":11,"column":87},"end":{"line":11,"column":93}},"11":{"start":{"line":13,"column":9},"end":{"line":15,"column":3}},"12":{"start":{"line":14,"column":4},"end":{"line":14,"column":19}},"13":{"start":{"line":17,"column":18},"end":{"line":17,"column":59}},"14":{"start":{"line":18,"column":18},"end":{"line":18,"column":56}},"15":{"start":{"line":19,"column":18},"end":{"line":19,"column":59}},"16":{"start":{"line":20,"column":2},"end":{"line":25,"column":3}},"17":{"start":{"line":21,"column":4},"end":{"line":21,"column":50}},"18":{"start":{"line":22,"column":4},"end":{"line":22,"column":35}},"19":{"start":{"line":23,"column":4},"end":{"line":23,"column":35}},"20":{"start":{"line":24,"column":4},"end":{"line":24,"column":11}},"21":{"start":{"line":28,"column":13},"end":{"line":28,"column":95}},"22":{"start":{"line":29,"column":17},"end":{"line":29,"column":82}},"23":{"start":{"line":30,"column":16},"end":{"line":30,"column":113}},"24":{"start":{"line":31,"column":14},"end":{"line":31,"column":37}},"25":{"start":{"line":32,"column":17},"end":{"line":32,"column":37}},"26":{"start":{"line":33,"column":22},"end":{"line":33,"column":125}},"27":{"start":{"line":33,"column":66},"end":{"line":33,"column":124}},"28":{"start":{"line":34,"column":20},"end":{"line":34,"column":106}},"29":{"start":{"line":35,"column":15},"end":{"line":35,"column":190}},"30":{"start":{"line":36,"column":18},"end":{"line":36,"column":88}},"31":{"start":{"line":36,"column":51},"end":{"line":36,"column":75}},"32":{"start":{"line":38,"column":2},"end":{"line":45,"column":4}},"33":{"start":{"line":47,"column":2},"end":{"line":47,"column":57}},"34":{"start":{"line":48,"column":2},"end":{"line":48,"column":33}},"35":{"start":{"line":49,"column":2},"end":{"line":49,"column":41}},"36":{"start":{"line":52,"column":2},"end":{"line":73,"column":4}},"37":{"start":{"line":53,"column":4},"end":{"line":53,"column":48}},"38":{"start":{"line":54,"column":4},"end":{"line":54,"column":55}},"39":{"start":{"line":55,"column":4},"end":{"line":55,"column":53}},"40":{"start":{"line":56,"column":4},"end":{"line":56,"column":60}},"41":{"start":{"line":56,"column":13},"end":{"line":56,"column":60}},"42":{"start":{"line":57,"column":4},"end":{"line":57,"column":178}},"43":{"start":{"line":57,"column":16},"end":{"line":57,"column":178}},"44":{"start":{"line":58,"column":4},"end":{"line":58,"column":169}},"45":{"start":{"line":58,"column":91},"end":{"line":58,"column":109}},"46":{"start":{"line":58,"column":138},"end":{"line":58,"column":156}},"47":{"start":{"line":59,"column":4},"end":{"line":59,"column":169}},"48":{"start":{"line":59,"column":91},"end":{"line":59,"column":109}},"49":{"start":{"line":59,"column":138},"end":{"line":59,"column":156}},"50":{"start":{"line":60,"column":4},"end":{"line":60,"column":196}},"51":{"start":{"line":60,"column":47},"end":{"line":60,"column":196}},"52":{"start":{"line":61,"column":4},"end":{"line":61,"column":96}},"53":{"start":{"line":63,"column":20},"end":{"line":63,"column":103}},"54":{"start":{"line":64,"column":4},"end":{"line":71,"column":5}},"55":{"start":{"line":65,"column":17},"end":{"line":65,"column":45}},"56":{"start":{"line":66,"column":6},"end":{"line":66,"column":23}},"57":{"start":{"line":66,"column":14},"end":{"line":66,"column":23}},"58":{"start":{"line":67,"column":6},"end":{"line":67,"column":45}},"59":{"start":{"line":69,"column":6},"end":{"line":69,"column":26}},"60":{"start":{"line":70,"column":6},"end":{"line":70,"column":42}},"61":{"start":{"line":72,"column":4},"end":{"line":72,"column":59}},"62":{"start":{"line":72,"column":60},"end":{"line":72,"column":139}},"63":{"start":{"line":72,"column":75},"end":{"line":72,"column":132}},"64":{"start":{"line":76,"column":2},"end":{"line":78,"column":4}},"65":{"start":{"line":77,"column":4},"end":{"line":77,"column":105}},"66":{"start":{"line":77,"column":40},"end":{"line":77,"column":70}},"67":{"start":{"line":77,"column":76},"end":{"line":77,"column":105}},"68":{"start":{"line":81,"column":2},"end":{"line":105,"column":4}},"69":{"start":{"line":82,"column":4},"end":{"line":104,"column":70}},"70":{"start":{"line":83,"column":25},"end":{"line":83,"column":26}},"71":{"start":{"line":84,"column":17},"end":{"line":84,"column":108}},"72":{"start":{"line":85,"column":21},"end":{"line":85,"column":95}},"73":{"start":{"line":86,"column":20},"end":{"line":86,"column":129}},"74":{"start":{"line":87,"column":18},"end":{"line":87,"column":44}},"75":{"start":{"line":88,"column":21},"end":{"line":88,"column":44}},"76":{"start":{"line":89,"column":6},"end":{"line":89,"column":50}},"77":{"start":{"line":90,"column":6},"end":{"line":90,"column":57}},"78":{"start":{"line":91,"column":6},"end":{"line":91,"column":55}},"79":{"start":{"line":92,"column":6},"end":{"line":92,"column":61}},"80":{"start":{"line":92,"column":14},"end":{"line":92,"column":61}},"81":{"start":{"line":93,"column":6},"end":{"line":93,"column":179}},"82":{"start":{"line":93,"column":17},"end":{"line":93,"column":179}},"83":{"start":{"line":94,"column":6},"end":{"line":94,"column":180}},"84":{"start":{"line":94,"column":99},"end":{"line":94,"column":117}},"85":{"start":{"line":94,"column":149},"end":{"line":94,"column":167}},"86":{"start":{"line":95,"column":6},"end":{"line":95,"column":180}},"87":{"start":{"line":95,"column":99},"end":{"line":95,"column":117}},"88":{"start":{"line":95,"column":149},"end":{"line":95,"column":167}},"89":{"start":{"line":96,"column":6},"end":{"line":96,"column":213}},"90":{"start":{"line":96,"column":55},"end":{"line":96,"column":213}},"91":{"start":{"line":98,"column":22},"end":{"line":98,"column":105}},"92":{"start":{"line":99,"column":6},"end":{"line":102,"column":7}},"93":{"start":{"line":100,"column":19},"end":{"line":100,"column":47}},"94":{"start":{"line":101,"column":8},"end":{"line":101,"column":25}},"95":{"start":{"line":101,"column":16},"end":{"line":101,"column":25}},"96":{"start":{"line":101,"column":26},"end":{"line":101,"column":65}},"97":{"start":{"line":101,"column":66},"end":{"line":101,"column":86}},"98":{"start":{"line":101,"column":87},"end":{"line":101,"column":123}},"99":{"start":{"line":103,"column":6},"end":{"line":103,"column":18}},"100":{"start":{"line":104,"column":14},"end":{"line":104,"column":56}},"101":{"start":{"line":104,"column":57},"end":{"line":104,"column":69}},"102":{"start":{"line":108,"column":0},"end":{"line":155,"column":3}},"103":{"start":{"line":109,"column":2},"end":{"line":109,"column":21}},"104":{"start":{"line":110,"column":15},"end":{"line":136,"column":3}},"105":{"start":{"line":137,"column":16},"end":{"line":137,"column":56}},"106":{"start":{"line":138,"column":16},"end":{"line":138,"column":56}},"107":{"start":{"line":139,"column":2},"end":{"line":139,"column":89}},"108":{"start":{"line":139,"column":13},"end":{"line":139,"column":89}},"109":{"start":{"line":140,"column":2},"end":{"line":140,"column":87}},"110":{"start":{"line":140,"column":13},"end":{"line":140,"column":87}},"111":{"start":{"line":142,"column":14},"end":{"line":142,"column":140}},"112":{"start":{"line":143,"column":15},"end":{"line":143,"column":31}},"113":{"start":{"line":144,"column":16},"end":{"line":144,"column":57}},"114":{"start":{"line":145,"column":4},"end":{"line":145,"column":59}},"115":{"start":{"line":146,"column":4},"end":{"line":146,"column":59}},"116":{"start":{"line":147,"column":4},"end":{"line":147,"column":83}},"117":{"start":{"line":147,"column":19},"end":{"line":147,"column":76}},"118":{"start":{"line":149,"column":2},"end":{"line":154,"column":3}},"119":{"start":{"line":150,"column":14},"end":{"line":150,"column":50}},"120":{"start":{"line":151,"column":4},"end":{"line":151,"column":42}},"121":{"start":{"line":152,"column":4},"end":{"line":152,"column":37}},"122":{"start":{"line":153,"column":4},"end":{"line":153,"column":56}},"123":{"start":{"line":157,"column":2},"end":{"line":160,"column":5}},"124":{"start":{"line":158,"column":4},"end":{"line":158,"column":53}},"125":{"start":{"line":159,"column":4},"end":{"line":159,"column":71}},"126":{"start":{"line":162,"column":2},"end":{"line":165,"column":5}},"127":{"start":{"line":163,"column":16},"end":{"line":163,"column":64}},"128":{"start":{"line":164,"column":4},"end":{"line":164,"column":227}},"129":{"start":{"line":164,"column":9},"end":{"line":164,"column":50}},"130":{"start":{"line":164,"column":51},"end":{"line":164,"column":106}},"131":{"start":{"line":164,"column":107},"end":{"line":164,"column":186}},"132":{"start":{"line":164,"column":122},"end":{"line":164,"column":179}},"133":{"start":{"line":164,"column":196},"end":{"line":164,"column":226}},"134":{"start":{"line":167,"column":2},"end":{"line":172,"column":5}},"135":{"start":{"line":168,"column":16},"end":{"line":168,"column":64}},"136":{"start":{"line":169,"column":17},"end":{"line":169,"column":53}},"137":{"start":{"line":170,"column":16},"end":{"line":170,"column":41}},"138":{"start":{"line":171,"column":14},"end":{"line":171,"column":41}},"139":{"start":{"line":171,"column":43},"end":{"line":171,"column":54}},"140":{"start":{"line":171,"column":55},"end":{"line":171,"column":76}},"141":{"start":{"line":171,"column":77},"end":{"line":171,"column":106}},"142":{"start":{"line":171,"column":107},"end":{"line":171,"column":117}},"143":{"start":{"line":171,"column":118},"end":{"line":171,"column":129}},"144":{"start":{"line":171,"column":130},"end":{"line":171,"column":155}},"145":{"start":{"line":174,"column":2},"end":{"line":176,"column":5}},"146":{"start":{"line":175,"column":4},"end":{"line":175,"column":65}},"147":{"start":{"line":179,"column":23},"end":{"line":179,"column":55}},"148":{"start":{"line":180,"column":2},"end":{"line":180,"column":46}},"149":{"start":{"line":181,"column":2},"end":{"line":181,"column":39}},"150":{"start":{"line":182,"column":2},"end":{"line":182,"column":40}},"151":{"start":{"line":183,"column":2},"end":{"line":183,"column":83}},"152":{"start":{"line":183,"column":46},"end":{"line":183,"column":81}},"153":{"start":{"line":184,"column":2},"end":{"line":184,"column":85}},"154":{"start":{"line":187,"column":2},"end":{"line":204,"column":5}},"155":{"start":{"line":188,"column":4},"end":{"line":188,"column":61}},"156":{"start":{"line":189,"column":4},"end":{"line":189,"column":56}},"157":{"start":{"line":190,"column":4},"end":{"line":190,"column":54}},"158":{"start":{"line":191,"column":4},"end":{"line":191,"column":58}},"159":{"start":{"line":192,"column":4},"end":{"line":192,"column":50}},"160":{"start":{"line":193,"column":4},"end":{"line":193,"column":62}},"161":{"start":{"line":194,"column":4},"end":{"line":194,"column":60}},"162":{"start":{"line":195,"column":4},"end":{"line":195,"column":74}},"163":{"start":{"line":196,"column":4},"end":{"line":196,"column":71}},"164":{"start":{"line":197,"column":4},"end":{"line":197,"column":60}},"165":{"start":{"line":198,"column":4},"end":{"line":198,"column":70}},"166":{"start":{"line":199,"column":4},"end":{"line":199,"column":62}},"167":{"start":{"line":200,"column":4},"end":{"line":200,"column":65}},"168":{"start":{"line":201,"column":4},"end":{"line":201,"column":65}},"169":{"start":{"line":202,"column":4},"end":{"line":202,"column":68}},"170":{"start":{"line":203,"column":4},"end":{"line":203,"column":63}},"171":{"start":{"line":207,"column":2},"end":{"line":221,"column":5}},"172":{"start":{"line":208,"column":21},"end":{"line":208,"column":53}},"173":{"start":{"line":209,"column":4},"end":{"line":219,"column":5}},"174":{"start":{"line":210,"column":17},"end":{"line":210,"column":44}},"175":{"start":{"line":211,"column":6},"end":{"line":218,"column":7}},"176":{"start":{"line":212,"column":8},"end":{"line":212,"column":27}},"177":{"start":{"line":213,"column":8},"end":{"line":213,"column":19}},"178":{"start":{"line":214,"column":8},"end":{"line":214,"column":99}},"179":{"start":{"line":215,"column":8},"end":{"line":215,"column":63}},"180":{"start":{"line":216,"column":8},"end":{"line":216,"column":87}},"181":{"start":{"line":216,"column":23},"end":{"line":216,"column":80}},"182":{"start":{"line":217,"column":8},"end":{"line":217,"column":21}},"183":{"start":{"line":220,"column":4},"end":{"line":220,"column":16}}},"fnMap":{"0":{"name":"(anonymous_0)","decl":{"start":{"line":1,"column":65},"end":{"line":1,"column":66}},"loc":{"start":{"line":1,"column":78},"end":{"line":106,"column":1}},"line":1},"1":{"name":"(anonymous_1)","decl":{"start":{"line":33,"column":53},"end":{"line":33,"column":54}},"loc":{"start":{"line":33,"column":66},"end":{"line":33,"column":124}},"line":33},"2":{"name":"(anonymous_2)","decl":{"start":{"line":36,"column":46},"end":{"line":36,"column":47}},"loc":{"start":{"line":36,"column":51},"end":{"line":36,"column":75}},"line":36},"3":{"name":"(anonymous_3)","decl":{"start":{"line":52,"column":20},"end":{"line":52,"column":21}},"loc":{"start":{"line":52,"column":26},"end":{"line":73,"column":3}},"line":52},"4":{"name":"(anonymous_4)","decl":{"start":{"line":58,"column":88},"end":{"line":58,"column":89}},"loc":{"start":{"line":58,"column":91},"end":{"line":58,"column":109}},"line":58},"5":{"name":"(anonymous_5)","decl":{"start":{"line":58,"column":135},"end":{"line":58,"column":136}},"loc":{"start":{"line":58,"column":138},"end":{"line":58,"column":156}},"line":58},"6":{"name":"(anonymous_6)","decl":{"start":{"line":59,"column":88},"end":{"line":59,"column":89}},"loc":{"start":{"line":59,"column":91},"end":{"line":59,"column":109}},"line":59},"7":{"name":"(anonymous_7)","decl":{"start":{"line":59,"column":135},"end":{"line":59,"column":136}},"loc":{"start":{"line":59,"column":138},"end":{"line":59,"column":156}},"line":59},"8":{"name":"(anonymous_8)","decl":{"start":{"line":72,"column":71},"end":{"line":72,"column":72}},"loc":{"start":{"line":72,"column":75},"end":{"line":72,"column":132}},"line":72},"9":{"name":"(anonymous_9)","decl":{"start":{"line":76,"column":48},"end":{"line":76,"column":49}},"loc":{"start":{"line":76,"column":52},"end":{"line":78,"column":3}},"line":76},"10":{"name":"(anonymous_10)","decl":{"start":{"line":81,"column":27},"end":{"line":81,"column":28}},"loc":{"start":{"line":81,"column":38},"end":{"line":105,"column":3}},"line":81},"11":{"name":"(anonymous_11)","decl":{"start":{"line":94,"column":96},"end":{"line":94,"column":97}},"loc":{"start":{"line":94,"column":99},"end":{"line":94,"column":117}},"line":94},"12":{"name":"(anonymous_12)","decl":{"start":{"line":94,"column":146},"end":{"line":94,"column":147}},"loc":{"start":{"line":94,"column":149},"end":{"line":94,"column":167}},"line":94},"13":{"name":"(anonymous_13)","decl":{"start":{"line":95,"column":96},"end":{"line":95,"column":97}},"loc":{"start":{"line":95,"column":99},"end":{"line":95,"column":117}},"line":95},"14":{"name":"(anonymous_14)","decl":{"start":{"line":95,"column":146},"end":{"line":95,"column":147}},"loc":{"start":{"line":95,"column":149},"end":{"line":95,"column":167}},"line":95},"15":{"name":"(anonymous_15)","decl":{"start":{"line":108,"column":68},"end":{"line":108,"column":69}},"loc":{"start":{"line":108,"column":81},"end":{"line":155,"column":1}},"line":108},"16":{"name":"(anonymous_16)","decl":{"start":{"line":147,"column":15},"end":{"line":147,"column":16}},"loc":{"start":{"line":147,"column":19},"end":{"line":147,"column":76}},"line":147},"17":{"name":"(anonymous_17)","decl":{"start":{"line":157,"column":65},"end":{"line":157,"column":66}},"loc":{"start":{"line":157,"column":69},"end":{"line":160,"column":3}},"line":157},"18":{"name":"(anonymous_18)","decl":{"start":{"line":162,"column":63},"end":{"line":162,"column":64}},"loc":{"start":{"line":162,"column":73},"end":{"line":165,"column":3}},"line":162},"19":{"name":"(anonymous_19)","decl":{"start":{"line":164,"column":118},"end":{"line":164,"column":119}},"loc":{"start":{"line":164,"column":122},"end":{"line":164,"column":179}},"line":164},"20":{"name":"(anonymous_20)","decl":{"start":{"line":167,"column":67},"end":{"line":167,"column":68}},"loc":{"start":{"line":167,"column":71},"end":{"line":172,"column":3}},"line":167},"21":{"name":"(anonymous_21)","decl":{"start":{"line":174,"column":63},"end":{"line":174,"column":64}},"loc":{"start":{"line":174,"column":67},"end":{"line":176,"column":3}},"line":174},"22":{"name":"(anonymous_22)","decl":{"start":{"line":183,"column":41},"end":{"line":183,"column":42}},"loc":{"start":{"line":183,"column":46},"end":{"line":183,"column":81}},"line":183},"23":{"name":"(anonymous_23)","decl":{"start":{"line":187,"column":67},"end":{"line":187,"column":68}},"loc":{"start":{"line":187,"column":71},"end":{"line":204,"column":3}},"line":187},"24":{"name":"(anonymous_24)","decl":{"start":{"line":207,"column":70},"end":{"line":207,"column":71}},"loc":{"start":{"line":207,"column":75},"end":{"line":221,"column":3}},"line":207},"25":{"name":"(anonymous_25)","decl":{"start":{"line":216,"column":19},"end":{"line":216,"column":20}},"loc":{"start":{"line":216,"column":23},"end":{"line":216,"column":80}},"line":216}},"branchMap":{"0":{"loc":{"start":{"line":9,"column":2},"end":{"line":15,"column":3}},"type":"if","locations":[{"start":{"line":9,"column":2},"end":{"line":15,"column":3}},{"start":{"line":13,"column":9},"end":{"line":15,"column":3}}],"line":9},"1":{"loc":{"start":{"line":9,"column":6},"end":{"line":9,"column":73}},"type":"binary-expr","locations":[{"start":{"line":9,"column":6},"end":{"line":9,"column":10}},{"start":{"line":9,"column":14},"end":{"line":9,"column":44}},{"start":{"line":9,"column":48},"end":{"line":9,"column":73}}],"line":9},"2":{"loc":{"start":{"line":11,"column":6},"end":{"line":11,"column":95}},"type":"if","locations":[{"start":{"line":11,"column":6},"end":{"line":11,"column":95}},{"start":{},"end":{}}],"line":11},"3":{"loc":{"start":{"line":11,"column":10},"end":{"line":11,"column":61}},"type":"binary-expr","locations":[{"start":{"line":11,"column":10},"end":{"line":11,"column":20}},{"start":{"line":11,"column":24},"end":{"line":11,"column":61}}],"line":11},"4":{"loc":{"start":{"line":13,"column":9},"end":{"line":15,"column":3}},"type":"if","locations":[{"start":{"line":13,"column":9},"end":{"line":15,"column":3}},{"start":{},"end":{}}],"line":13},"5":{"loc":{"start":{"line":13,"column":13},"end":{"line":13,"column":52}},"type":"binary-expr","locations":[{"start":{"line":13,"column":13},"end":{"line":13,"column":17}},{"start":{"line":13,"column":21},"end":{"line":13,"column":52}}],"line":13},"6":{"loc":{"start":{"line":20,"column":2},"end":{"line":25,"column":3}},"type":"if","locations":[{"start":{"line":20,"column":2},"end":{"line":25,"column":3}},{"start":{},"end":{}}],"line":20},"7":{"loc":{"start":{"line":28,"column":13},"end":{"line":28,"column":95}},"type":"binary-expr","locations":[{"start":{"line":28,"column":14},"end":{"line":28,"column":32}},{"start":{"line":28,"column":36},"end":{"line":28,"column":57}},{"start":{"line":28,"column":61},"end":{"line":28,"column":88}},{"start":{"line":28,"column":93},"end":{"line":28,"column":95}}],"line":28},"8":{"loc":{"start":{"line":29,"column":17},"end":{"line":29,"column":82}},"type":"binary-expr","locations":[{"start":{"line":29,"column":18},"end":{"line":29,"column":30}},{"start":{"line":29,"column":34},"end":{"line":29,"column":49}},{"start":{"line":29,"column":53},"end":{"line":29,"column":75}},{"start":{"line":29,"column":80},"end":{"line":29,"column":82}}],"line":29},"9":{"loc":{"start":{"line":30,"column":16},"end":{"line":30,"column":113}},"type":"cond-expr","locations":[{"start":{"line":30,"column":77},"end":{"line":30,"column":108}},{"start":{"line":30,"column":111},"end":{"line":30,"column":113}}],"line":30},"10":{"loc":{"start":{"line":30,"column":17},"end":{"line":30,"column":73}},"type":"binary-expr","locations":[{"start":{"line":30,"column":17},"end":{"line":30,"column":29}},{"start":{"line":30,"column":33},"end":{"line":30,"column":48}},{"start":{"line":30,"column":52},"end":{"line":30,"column":73}}],"line":30},"11":{"loc":{"start":{"line":31,"column":14},"end":{"line":31,"column":37}},"type":"binary-expr","locations":[{"start":{"line":31,"column":14},"end":{"line":31,"column":31}},{"start":{"line":31,"column":35},"end":{"line":31,"column":37}}],"line":31},"12":{"loc":{"start":{"line":32,"column":17},"end":{"line":32,"column":37}},"type":"binary-expr","locations":[{"start":{"line":32,"column":17},"end":{"line":32,"column":31}},{"start":{"line":32,"column":35},"end":{"line":32,"column":37}}],"line":32},"13":{"loc":{"start":{"line":33,"column":23},"end":{"line":33,"column":46}},"type":"binary-expr","locations":[{"start":{"line":33,"column":23},"end":{"line":33,"column":40}},{"start":{"line":33,"column":44},"end":{"line":33,"column":46}}],"line":33},"14":{"loc":{"start":{"line":33,"column":66},"end":{"line":33,"column":124}},"type":"binary-expr","locations":[{"start":{"line":33,"column":66},"end":{"line":33,"column":79}},{"start":{"line":33,"column":83},"end":{"line":33,"column":124}}],"line":33},"15":{"loc":{"start":{"line":34,"column":20},"end":{"line":34,"column":106}},"type":"binary-expr","locations":[{"start":{"line":34,"column":21},"end":{"line":34,"column":32}},{"start":{"line":34,"column":37},"end":{"line":34,"column":58}},{"start":{"line":34,"column":62},"end":{"line":34,"column":85}},{"start":{"line":34,"column":91},"end":{"line":34,"column":106}}],"line":34},"16":{"loc":{"start":{"line":35,"column":15},"end":{"line":35,"column":190}},"type":"cond-expr","locations":[{"start":{"line":35,"column":57},"end":{"line":35,"column":185}},{"start":{"line":35,"column":188},"end":{"line":35,"column":190}}],"line":35},"17":{"loc":{"start":{"line":35,"column":16},"end":{"line":35,"column":53}},"type":"binary-expr","locations":[{"start":{"line":35,"column":16},"end":{"line":35,"column":31}},{"start":{"line":35,"column":35},"end":{"line":35,"column":53}}],"line":35},"18":{"loc":{"start":{"line":35,"column":60},"end":{"line":35,"column":89}},"type":"binary-expr","locations":[{"start":{"line":35,"column":60},"end":{"line":35,"column":83}},{"start":{"line":35,"column":87},"end":{"line":35,"column":89}}],"line":35},"19":{"loc":{"start":{"line":36,"column":19},"end":{"line":36,"column":40}},"type":"binary-expr","locations":[{"start":{"line":36,"column":19},"end":{"line":36,"column":34}},{"start":{"line":36,"column":38},"end":{"line":36,"column":40}}],"line":36},"20":{"loc":{"start":{"line":56,"column":4},"end":{"line":56,"column":60}},"type":"if","locations":[{"start":{"line":56,"column":4},"end":{"line":56,"column":60}},{"start":{},"end":{}}],"line":56},"21":{"loc":{"start":{"line":57,"column":4},"end":{"line":57,"column":178}},"type":"if","locations":[{"start":{"line":57,"column":4},"end":{"line":57,"column":178}},{"start":{},"end":{}}],"line":57},"22":{"loc":{"start":{"line":57,"column":60},"end":{"line":57,"column":177}},"type":"cond-expr","locations":[{"start":{"line":57,"column":110},"end":{"line":57,"column":113}},{"start":{"line":57,"column":116},"end":{"line":57,"column":177}}],"line":57},"23":{"loc":{"start":{"line":57,"column":61},"end":{"line":57,"column":106}},"type":"binary-expr","locations":[{"start":{"line":57,"column":61},"end":{"line":57,"column":78}},{"start":{"line":57,"column":80},"end":{"line":57,"column":92}},{"start":{"line":57,"column":94},"end":{"line":57,"column":106}}],"line":57},"24":{"loc":{"start":{"line":57,"column":116},"end":{"line":57,"column":177}},"type":"cond-expr","locations":[{"start":{"line":57,"column":164},"end":{"line":57,"column":167}},{"start":{"line":57,"column":170},"end":{"line":57,"column":177}}],"line":57},"25":{"loc":{"start":{"line":57,"column":117},"end":{"line":57,"column":160}},"type":"binary-expr","locations":[{"start":{"line":57,"column":117},"end":{"line":57,"column":132}},{"start":{"line":57,"column":134},"end":{"line":57,"column":146}},{"start":{"line":57,"column":148},"end":{"line":57,"column":160}}],"line":57},"26":{"loc":{"start":{"line":58,"column":47},"end":{"line":58,"column":168}},"type":"cond-expr","locations":[{"start":{"line":58,"column":114},"end":{"line":58,"column":163}},{"start":{"line":58,"column":166},"end":{"line":58,"column":168}}],"line":58},"27":{"loc":{"start":{"line":58,"column":48},"end":{"line":58,"column":110}},"type":"binary-expr","locations":[{"start":{"line":58,"column":48},"end":{"line":58,"column":63}},{"start":{"line":58,"column":67},"end":{"line":58,"column":110}}],"line":58},"28":{"loc":{"start":{"line":59,"column":47},"end":{"line":59,"column":168}},"type":"cond-expr","locations":[{"start":{"line":59,"column":114},"end":{"line":59,"column":163}},{"start":{"line":59,"column":166},"end":{"line":59,"column":168}}],"line":59},"29":{"loc":{"start":{"line":59,"column":48},"end":{"line":59,"column":110}},"type":"binary-expr","locations":[{"start":{"line":59,"column":48},"end":{"line":59,"column":63}},{"start":{"line":59,"column":67},"end":{"line":59,"column":110}}],"line":59},"30":{"loc":{"start":{"line":60,"column":4},"end":{"line":60,"column":196}},"type":"if","locations":[{"start":{"line":60,"column":4},"end":{"line":60,"column":196}},{"start":{},"end":{}}],"line":60},"31":{"loc":{"start":{"line":60,"column":8},"end":{"line":60,"column":45}},"type":"binary-expr","locations":[{"start":{"line":60,"column":8},"end":{"line":60,"column":23}},{"start":{"line":60,"column":27},"end":{"line":60,"column":45}}],"line":60},"32":{"loc":{"start":{"line":60,"column":93},"end":{"line":60,"column":122}},"type":"binary-expr","locations":[{"start":{"line":60,"column":93},"end":{"line":60,"column":116}},{"start":{"line":60,"column":120},"end":{"line":60,"column":122}}],"line":60},"33":{"loc":{"start":{"line":60,"column":136},"end":{"line":60,"column":194}},"type":"cond-expr","locations":[{"start":{"line":60,"column":161},"end":{"line":60,"column":189}},{"start":{"line":60,"column":192},"end":{"line":60,"column":194}}],"line":60},"34":{"loc":{"start":{"line":66,"column":6},"end":{"line":66,"column":23}},"type":"if","locations":[{"start":{"line":66,"column":6},"end":{"line":66,"column":23}},{"start":{},"end":{}}],"line":66},"35":{"loc":{"start":{"line":77,"column":4},"end":{"line":77,"column":105}},"type":"if","locations":[{"start":{"line":77,"column":4},"end":{"line":77,"column":105}},{"start":{"line":77,"column":76},"end":{"line":77,"column":105}}],"line":77},"36":{"loc":{"start":{"line":84,"column":17},"end":{"line":84,"column":108}},"type":"binary-expr","locations":[{"start":{"line":84,"column":18},"end":{"line":84,"column":39}},{"start":{"line":84,"column":43},"end":{"line":84,"column":67}},{"start":{"line":84,"column":71},"end":{"line":84,"column":101}},{"start":{"line":84,"column":106},"end":{"line":84,"column":108}}],"line":84},"37":{"loc":{"start":{"line":85,"column":21},"end":{"line":85,"column":95}},"type":"binary-expr","locations":[{"start":{"line":85,"column":22},"end":{"line":85,"column":37}},{"start":{"line":85,"column":41},"end":{"line":85,"column":59}},{"start":{"line":85,"column":63},"end":{"line":85,"column":88}},{"start":{"line":85,"column":93},"end":{"line":85,"column":95}}],"line":85},"38":{"loc":{"start":{"line":86,"column":20},"end":{"line":86,"column":129}},"type":"cond-expr","locations":[{"start":{"line":86,"column":90},"end":{"line":86,"column":124}},{"start":{"line":86,"column":127},"end":{"line":86,"column":129}}],"line":86},"39":{"loc":{"start":{"line":86,"column":21},"end":{"line":86,"column":86}},"type":"binary-expr","locations":[{"start":{"line":86,"column":21},"end":{"line":86,"column":36}},{"start":{"line":86,"column":40},"end":{"line":86,"column":58}},{"start":{"line":86,"column":62},"end":{"line":86,"column":86}}],"line":86},"40":{"loc":{"start":{"line":87,"column":18},"end":{"line":87,"column":44}},"type":"binary-expr","locations":[{"start":{"line":87,"column":18},"end":{"line":87,"column":38}},{"start":{"line":87,"column":42},"end":{"line":87,"column":44}}],"line":87},"41":{"loc":{"start":{"line":88,"column":21},"end":{"line":88,"column":44}},"type":"binary-expr","locations":[{"start":{"line":88,"column":21},"end":{"line":88,"column":38}},{"start":{"line":88,"column":42},"end":{"line":88,"column":44}}],"line":88},"42":{"loc":{"start":{"line":92,"column":6},"end":{"line":92,"column":61}},"type":"if","locations":[{"start":{"line":92,"column":6},"end":{"line":92,"column":61}},{"start":{},"end":{}}],"line":92},"43":{"loc":{"start":{"line":93,"column":6},"end":{"line":93,"column":179}},"type":"if","locations":[{"start":{"line":93,"column":6},"end":{"line":93,"column":179}},{"start":{},"end":{}}],"line":93},"44":{"loc":{"start":{"line":93,"column":61},"end":{"line":93,"column":178}},"type":"cond-expr","locations":[{"start":{"line":93,"column":111},"end":{"line":93,"column":114}},{"start":{"line":93,"column":117},"end":{"line":93,"column":178}}],"line":93},"45":{"loc":{"start":{"line":93,"column":62},"end":{"line":93,"column":107}},"type":"binary-expr","locations":[{"start":{"line":93,"column":62},"end":{"line":93,"column":79}},{"start":{"line":93,"column":81},"end":{"line":93,"column":93}},{"start":{"line":93,"column":95},"end":{"line":93,"column":107}}],"line":93},"46":{"loc":{"start":{"line":93,"column":117},"end":{"line":93,"column":178}},"type":"cond-expr","locations":[{"start":{"line":93,"column":165},"end":{"line":93,"column":168}},{"start":{"line":93,"column":171},"end":{"line":93,"column":178}}],"line":93},"47":{"loc":{"start":{"line":93,"column":118},"end":{"line":93,"column":161}},"type":"binary-expr","locations":[{"start":{"line":93,"column":118},"end":{"line":93,"column":133}},{"start":{"line":93,"column":135},"end":{"line":93,"column":147}},{"start":{"line":93,"column":149},"end":{"line":93,"column":161}}],"line":93},"48":{"loc":{"start":{"line":94,"column":49},"end":{"line":94,"column":179}},"type":"cond-expr","locations":[{"start":{"line":94,"column":122},"end":{"line":94,"column":174}},{"start":{"line":94,"column":177},"end":{"line":94,"column":179}}],"line":94},"49":{"loc":{"start":{"line":94,"column":50},"end":{"line":94,"column":118}},"type":"binary-expr","locations":[{"start":{"line":94,"column":50},"end":{"line":94,"column":68}},{"start":{"line":94,"column":72},"end":{"line":94,"column":118}}],"line":94},"50":{"loc":{"start":{"line":95,"column":49},"end":{"line":95,"column":179}},"type":"cond-expr","locations":[{"start":{"line":95,"column":122},"end":{"line":95,"column":174}},{"start":{"line":95,"column":177},"end":{"line":95,"column":179}}],"line":95},"51":{"loc":{"start":{"line":95,"column":50},"end":{"line":95,"column":118}},"type":"binary-expr","locations":[{"start":{"line":95,"column":50},"end":{"line":95,"column":68}},{"start":{"line":95,"column":72},"end":{"line":95,"column":118}}],"line":95},"52":{"loc":{"start":{"line":96,"column":6},"end":{"line":96,"column":213}},"type":"if","locations":[{"start":{"line":96,"column":6},"end":{"line":96,"column":213}},{"start":{},"end":{}}],"line":96},"53":{"loc":{"start":{"line":96,"column":10},"end":{"line":96,"column":53}},"type":"binary-expr","locations":[{"start":{"line":96,"column":10},"end":{"line":96,"column":28}},{"start":{"line":96,"column":32},"end":{"line":96,"column":53}}],"line":96},"54":{"loc":{"start":{"line":96,"column":101},"end":{"line":96,"column":133}},"type":"binary-expr","locations":[{"start":{"line":96,"column":101},"end":{"line":96,"column":127}},{"start":{"line":96,"column":131},"end":{"line":96,"column":133}}],"line":96},"55":{"loc":{"start":{"line":96,"column":147},"end":{"line":96,"column":211}},"type":"cond-expr","locations":[{"start":{"line":96,"column":175},"end":{"line":96,"column":206}},{"start":{"line":96,"column":209},"end":{"line":96,"column":211}}],"line":96},"56":{"loc":{"start":{"line":101,"column":8},"end":{"line":101,"column":25}},"type":"if","locations":[{"start":{"line":101,"column":8},"end":{"line":101,"column":25}},{"start":{},"end":{}}],"line":101},"57":{"loc":{"start":{"line":118,"column":25},"end":{"line":118,"column":73}},"type":"binary-expr","locations":[{"start":{"line":118,"column":25},"end":{"line":118,"column":67}},{"start":{"line":118,"column":71},"end":{"line":118,"column":73}}],"line":118},"58":{"loc":{"start":{"line":132,"column":20},"end":{"line":132,"column":180}},"type":"cond-expr","locations":[{"start":{"line":132,"column":71},"end":{"line":132,"column":168}},{"start":{"line":132,"column":171},"end":{"line":132,"column":180}}],"line":132},"59":{"loc":{"start":{"line":139,"column":2},"end":{"line":139,"column":89}},"type":"if","locations":[{"start":{"line":139,"column":2},"end":{"line":139,"column":89}},{"start":{},"end":{}}],"line":139},"60":{"loc":{"start":{"line":140,"column":2},"end":{"line":140,"column":87}},"type":"if","locations":[{"start":{"line":140,"column":2},"end":{"line":140,"column":87}},{"start":{},"end":{}}],"line":140},"61":{"loc":{"start":{"line":144,"column":16},"end":{"line":144,"column":57}},"type":"binary-expr","locations":[{"start":{"line":144,"column":16},"end":{"line":144,"column":24}},{"start":{"line":144,"column":28},"end":{"line":144,"column":57}}],"line":144},"62":{"loc":{"start":{"line":149,"column":2},"end":{"line":154,"column":3}},"type":"if","locations":[{"start":{"line":149,"column":2},"end":{"line":154,"column":3}},{"start":{},"end":{}}],"line":149},"63":{"loc":{"start":{"line":211,"column":6},"end":{"line":218,"column":7}},"type":"if","locations":[{"start":{"line":211,"column":6},"end":{"line":218,"column":7}},{"start":{},"end":{}}],"line":211}},"s":{"0":1,"1":1,"2":1,"3":1,"4":1,"5":1,"6":1,"7":0,"8":0,"9":0,"10":0,"11":1,"12":1,"13":1,"14":1,"15":1,"16":1,"17":0,"18":0,"19":0,"20":0,"21":1,"22":1,"23":1,"24":1,"25":1,"26":1,"27":0,"28":1,"29":1,"30":1,"31":2,"32":1,"33":1,"34":1,"35":1,"36":1,"37":0,"38":0,"39":0,"40":0,"41":0,"42":0,"43":0,"44":0,"45":0,"46":0,"47":0,"48":0,"49":0,"50":0,"51":0,"52":0,"53":0,"54":0,"55":0,"56":0,"57":0,"58":0,"59":0,"60":0,"61":0,"62":0,"63":0,"64":1,"65":0,"66":0,"67":0,"68":1,"69":1,"70":1,"71":1,"72":1,"73":1,"74":1,"75":1,"76":1,"77":1,"78":1,"79":1,"80":1,"81":1,"82":1,"83":1,"84":1,"85":1,"86":1,"87":2,"88":2,"89":1,"90":1,"91":1,"92":1,"93":8,"94":8,"95":0,"96":8,"97":8,"98":8,"99":1,"100":0,"101":0,"102":1,"103":0,"104":0,"105":0,"106":0,"107":0,"108":0,"109":0,"110":0,"111":0,"112":0,"113":0,"114":0,"115":0,"116":0,"117":0,"118":0,"119":0,"120":0,"121":0,"122":0,"123":1,"124":0,"125":0,"126":1,"127":0,"128":0,"129":0,"130":0,"131":0,"132":0,"133":0,"134":1,"135":0,"136":0,"137":0,"138":0,"139":0,"140":0,"141":0,"142":0,"143":0,"144":0,"145":1,"146":0,"147":1,"148":1,"149":1,"150":1,"151":1,"152":0,"153":1,"154":1,"155":0,"156":0,"157":0,"158":0,"159":0,"160":0,"161":0,"162":0,"163":0,"164":0,"165":0,"166":0,"167":0,"168":0,"169":0,"170":0,"171":1,"172":0,"173":0,"174":0,"175":0,"176":0,"177":0,"178":0,"179":0,"180":0,"181":0,"182":0,"183":0},"f":{"0":1,"1":0,"2":2,"3":0,"4":0,"5":0,"6":0,"7":0,"8":0,"9":0,"10":1,"11":1,"12":1,"13":2,"14":2,"15":0,"16":0,"17":0,"18":0,"19":0,"20":0,"21":0,"22":0,"23":0,"24":0,"25":0},"b":{"0":[0,1],"1":[1,1,0],"2":[0,0],"3":[0,0],"4":[1,0],"5":[1,1],"6":[0,1],"7":[1,1,1,0],"8":[1,1,1,0],"9":[1,0],"10":[1,1,1],"11":[1,0],"12":[1,0],"13":[1,1],"14":[0,0],"15":[1,0,0,1],"16":[1,0],"17":[1,1],"18":[1,0],"19":[1,0],"20":[0,0],"21":[0,0],"22":[0,0],"23":[0,0,0],"24":[0,0],"25":[0,0,0],"26":[0,0],"27":[0,0],"28":[0,0],"29":[0,0],"30":[0,0],"31":[0,0],"32":[0,0],"33":[0,0],"34":[0,0],"35":[0,0],"36":[1,1,1,0],"37":[1,1,1,0],"38":[1,0],"39":[1,1,1],"40":[1,0],"41":[1,0],"42":[1,0],"43":[1,0],"44":[0,1],"45":[1,1,1],"46":[1,0],"47":[1,0,0],"48":[1,0],"49":[1,1],"50":[1,0],"51":[1,1],"52":[1,0],"53":[1,1],"54":[1,0],"55":[1,0],"56":[0,8],"57":[0,0],"58":[0,0],"59":[0,0],"60":[0,0],"61":[0,0],"62":[0,0],"63":[0,0]},"_coverageSchema":"1a1c01bbd47fc00a2c39e90264f33305004495a9","hash":"6abebdd2fe14a68ad2972b2551d673f56b152bd1"}
}
