{"C:\\Users\\llopvet\\Desktop\\SujetA\\src\\bundleBuilder.js": {"path":"C:\\Users\\llopvet\\Desktop\\SujetA\\src\\bundleBuilder.js","statementMap":{"0":{"start":{"line":2,"column":2},"end":{"line":2,"column":63}},"1":{"start":{"line":6,"column":22},"end":{"line":6,"column":31}},"2":{"start":{"line":7,"column":24},"end":{"line":7,"column":33}},"3":{"start":{"line":8,"column":17},"end":{"line":8,"column":26}},"4":{"start":{"line":10,"column":21},"end":{"line":10,"column":47}},"5":{"start":{"line":11,"column":2},"end":{"line":11,"column":38}},"6":{"start":{"line":13,"column":23},"end":{"line":13,"column":51}},"7":{"start":{"line":14,"column":2},"end":{"line":14,"column":42}},"8":{"start":{"line":16,"column":2},"end":{"line":16,"column":52}},"9":{"start":{"line":18,"column":28},"end":{"line":18,"column":61}},"10":{"start":{"line":19,"column":2},"end":{"line":19,"column":52}},"11":{"start":{"line":20,"column":2},"end":{"line":20,"column":57}},"12":{"start":{"line":22,"column":2},"end":{"line":22,"column":61}},"13":{"start":{"line":24,"column":17},"end":{"line":44,"column":3}},"14":{"start":{"line":46,"column":2},"end":{"line":46,"column":16}},"15":{"start":{"line":49,"column":0},"end":{"line":49,"column":42}}},"fnMap":{"0":{"name":"uuidTag","decl":{"start":{"line":1,"column":9},"end":{"line":1,"column":16}},"loc":{"start":{"line":1,"column":19},"end":{"line":3,"column":1}},"line":1},"1":{"name":"buildAdmissionBundle","decl":{"start":{"line":5,"column":9},"end":{"line":5,"column":29}},"loc":{"start":{"line":5,"column":76},"end":{"line":47,"column":1}},"line":5}},"branchMap":{"0":{"loc":{"start":{"line":5,"column":39},"end":{"line":5,"column":53}},"type":"default-arg","locations":[{"start":{"line":5,"column":51},"end":{"line":5,"column":53}}],"line":5},"1":{"loc":{"start":{"line":5,"column":55},"end":{"line":5,"column":74}},"type":"default-arg","locations":[{"start":{"line":5,"column":72},"end":{"line":5,"column":74}}],"line":5}},"s":{"0":6,"1":2,"2":2,"3":2,"4":2,"5":2,"6":2,"7":2,"8":2,"9":2,"10":2,"11":2,"12":2,"13":2,"14":2,"15":2},"f":{"0":6,"1":2},"b":{"0":[1],"1":[1]},"_coverageSchema":"1a1c01bbd47fc00a2c39e90264f33305004495a9","hash":"709966d90d8e7f5932f7b49718beb0c17489554b"}
,"C:\\Users\\llopvet\\Desktop\\SujetA\\src\\fhirClient.js": {"path":"C:\\Users\\llopvet\\Desktop\\SujetA\\src\\fhirClient.js","statementMap":{"0":{"start":{"line":1,"column":14},"end":{"line":1,"column":30}},"1":{"start":{"line":3,"column":18},"end":{"line":3,"column":78}},"2":{"start":{"line":4,"column":36},"end":{"line":4,"column":58}},"3":{"start":{"line":8,"column":4},"end":{"line":8,"column":19}},"4":{"start":{"line":9,"column":4},"end":{"line":9,"column":35}},"5":{"start":{"line":10,"column":4},"end":{"line":10,"column":25}},"6":{"start":{"line":11,"column":4},"end":{"line":11,"column":45}},"7":{"start":{"line":17,"column":4},"end":{"line":17,"column":19}},"8":{"start":{"line":18,"column":4},"end":{"line":18,"column":33}},"9":{"start":{"line":23,"column":17},"end":{"line":23,"column":36}},"10":{"start":{"line":24,"column":14},"end":{"line":24,"column":36}},"11":{"start":{"line":25,"column":15},"end":{"line":25,"column":81}},"12":{"start":{"line":26,"column":2},"end":{"line":26,"column":19}},"13":{"start":{"line":30,"column":18},"end":{"line":30,"column":46}},"14":{"start":{"line":31,"column":18},"end":{"line":31,"column":42}},"15":{"start":{"line":32,"column":21},"end":{"line":32,"column":72}},"16":{"start":{"line":34,"column":16},"end":{"line":34,"column":17}},"17":{"start":{"line":35,"column":22},"end":{"line":100,"column":3}},"18":{"start":{"line":36,"column":4},"end":{"line":36,"column":14}},"19":{"start":{"line":37,"column":4},"end":{"line":99,"column":5}},"20":{"start":{"line":39,"column":6},"end":{"line":45,"column":7}},"21":{"start":{"line":40,"column":22},"end":{"line":40,"column":53}},"22":{"start":{"line":41,"column":8},"end":{"line":44,"column":9}},"23":{"start":{"line":42,"column":21},"end":{"line":42,"column":78}},"24":{"start":{"line":43,"column":10},"end":{"line":43,"column":82}},"25":{"start":{"line":46,"column":19},"end":{"line":49,"column":8}},"26":{"start":{"line":52,"column":6},"end":{"line":60,"column":7}},"27":{"start":{"line":53,"column":24},"end":{"line":53,"column":26}},"28":{"start":{"line":54,"column":8},"end":{"line":58,"column":9}},"29":{"start":{"line":55,"column":29},"end":{"line":55,"column":137}},"30":{"start":{"line":56,"column":22},"end":{"line":56,"column":131}},"31":{"start":{"line":57,"column":10},"end":{"line":57,"column":150}},"32":{"start":{"line":59,"column":8},"end":{"line":59,"column":23}},"33":{"start":{"line":63,"column":6},"end":{"line":65,"column":7}},"34":{"start":{"line":64,"column":8},"end":{"line":64,"column":88}},"35":{"start":{"line":68,"column":6},"end":{"line":68,"column":23}},"36":{"start":{"line":71,"column":6},"end":{"line":90,"column":7}},"37":{"start":{"line":72,"column":23},"end":{"line":72,"column":42}},"38":{"start":{"line":73,"column":21},"end":{"line":73,"column":38}},"39":{"start":{"line":74,"column":8},"end":{"line":76,"column":9}},"40":{"start":{"line":75,"column":10},"end":{"line":75,"column":95}},"41":{"start":{"line":79,"column":8},"end":{"line":86,"column":9}},"42":{"start":{"line":80,"column":10},"end":{"line":84,"column":11}},"43":{"start":{"line":81,"column":28},"end":{"line":81,"column":58}},"44":{"start":{"line":82,"column":12},"end":{"line":82,"column":59}},"45":{"start":{"line":82,"column":35},"end":{"line":82,"column":57}},"46":{"start":{"line":83,"column":12},"end":{"line":83,"column":33}},"47":{"start":{"line":85,"column":10},"end":{"line":85,"column":87}},"48":{"start":{"line":89,"column":8},"end":{"line":89,"column":73}},"49":{"start":{"line":93,"column":6},"end":{"line":97,"column":7}},"50":{"start":{"line":94,"column":24},"end":{"line":94,"column":54}},"51":{"start":{"line":95,"column":8},"end":{"line":95,"column":55}},"52":{"start":{"line":95,"column":31},"end":{"line":95,"column":53}},"53":{"start":{"line":96,"column":8},"end":{"line":96,"column":29}},"54":{"start":{"line":98,"column":6},"end":{"line":98,"column":63}},"55":{"start":{"line":102,"column":2},"end":{"line":102,"column":23}},"56":{"start":{"line":105,"column":0},"end":{"line":105,"column":93}}},"fnMap":{"0":{"name":"(anonymous_0)","decl":{"start":{"line":7,"column":2},"end":{"line":7,"column":3}},"loc":{"start":{"line":7,"column":49},"end":{"line":12,"column":3}},"line":7},"1":{"name":"(anonymous_1)","decl":{"start":{"line":16,"column":2},"end":{"line":16,"column":3}},"loc":{"start":{"line":16,"column":23},"end":{"line":19,"column":3}},"line":16},"2":{"name":"searchPatientByIns","decl":{"start":{"line":22,"column":15},"end":{"line":22,"column":33}},"loc":{"start":{"line":22,"column":53},"end":{"line":27,"column":1}},"line":22},"3":{"name":"submitTransaction","decl":{"start":{"line":29,"column":15},"end":{"line":29,"column":32}},"loc":{"start":{"line":29,"column":55},"end":{"line":103,"column":1}},"line":29},"4":{"name":"(anonymous_4)","decl":{"start":{"line":35,"column":22},"end":{"line":35,"column":23}},"loc":{"start":{"line":35,"column":34},"end":{"line":100,"column":3}},"line":35},"5":{"name":"(anonymous_5)","decl":{"start":{"line":82,"column":30},"end":{"line":82,"column":31}},"loc":{"start":{"line":82,"column":35},"end":{"line":82,"column":57}},"line":82},"6":{"name":"(anonymous_6)","decl":{"start":{"line":95,"column":26},"end":{"line":95,"column":27}},"loc":{"start":{"line":95,"column":31},"end":{"line":95,"column":53}},"line":95}},"branchMap":{"0":{"loc":{"start":{"line":3,"column":18},"end":{"line":3,"column":78}},"type":"binary-expr","locations":[{"start":{"line":3,"column":18},"end":{"line":3,"column":44}},{"start":{"line":3,"column":48},"end":{"line":3,"column":78}}],"line":3},"1":{"loc":{"start":{"line":22,"column":39},"end":{"line":22,"column":51}},"type":"default-arg","locations":[{"start":{"line":22,"column":49},"end":{"line":22,"column":51}}],"line":22},"2":{"loc":{"start":{"line":25,"column":55},"end":{"line":25,"column":78}},"type":"binary-expr","locations":[{"start":{"line":25,"column":55},"end":{"line":25,"column":70}},{"start":{"line":25,"column":74},"end":{"line":25,"column":78}}],"line":25},"3":{"loc":{"start":{"line":29,"column":41},"end":{"line":29,"column":53}},"type":"default-arg","locations":[{"start":{"line":29,"column":51},"end":{"line":29,"column":53}}],"line":29},"4":{"loc":{"start":{"line":30,"column":18},"end":{"line":30,"column":46}},"type":"binary-expr","locations":[{"start":{"line":30,"column":18},"end":{"line":30,"column":33}},{"start":{"line":30,"column":37},"end":{"line":30,"column":46}}],"line":30},"5":{"loc":{"start":{"line":31,"column":18},"end":{"line":31,"column":42}},"type":"binary-expr","locations":[{"start":{"line":31,"column":18},"end":{"line":31,"column":33}},{"start":{"line":31,"column":37},"end":{"line":31,"column":42}}],"line":31},"6":{"loc":{"start":{"line":32,"column":21},"end":{"line":32,"column":72}},"type":"cond-expr","locations":[{"start":{"line":32,"column":50},"end":{"line":32,"column":68}},{"start":{"line":32,"column":71},"end":{"line":32,"column":72}}],"line":32},"7":{"loc":{"start":{"line":39,"column":6},"end":{"line":45,"column":7}},"type":"if","locations":[{"start":{"line":39,"column":6},"end":{"line":45,"column":7}},{"start":{},"end":{}}],"line":39},"8":{"loc":{"start":{"line":41,"column":8},"end":{"line":44,"column":9}},"type":"if","locations":[{"start":{"line":41,"column":8},"end":{"line":44,"column":9}},{"start":{},"end":{}}],"line":41},"9":{"loc":{"start":{"line":52,"column":6},"end":{"line":60,"column":7}},"type":"if","locations":[{"start":{"line":52,"column":6},"end":{"line":60,"column":7}},{"start":{},"end":{}}],"line":52},"10":{"loc":{"start":{"line":52,"column":10},"end":{"line":52,"column":111}},"type":"binary-expr","locations":[{"start":{"line":52,"column":10},"end":{"line":52,"column":14}},{"start":{"line":52,"column":18},"end":{"line":52,"column":27}},{"start":{"line":52,"column":31},"end":{"line":52,"column":66}},{"start":{"line":52,"column":70},"end":{"line":52,"column":111}}],"line":52},"11":{"loc":{"start":{"line":54,"column":28},"end":{"line":54,"column":49}},"type":"binary-expr","locations":[{"start":{"line":54,"column":28},"end":{"line":54,"column":43}},{"start":{"line":54,"column":47},"end":{"line":54,"column":49}}],"line":54},"12":{"loc":{"start":{"line":55,"column":29},"end":{"line":55,"column":137}},"type":"binary-expr","locations":[{"start":{"line":55,"column":30},"end":{"line":55,"column":43}},{"start":{"line":55,"column":47},"end":{"line":55,"column":64}},{"start":{"line":55,"column":69},"end":{"line":55,"column":82}},{"start":{"line":55,"column":87},"end":{"line":55,"column":101}},{"start":{"line":55,"column":105},"end":{"line":55,"column":128}},{"start":{"line":55,"column":133},"end":{"line":55,"column":137}}],"line":55},"13":{"loc":{"start":{"line":56,"column":22},"end":{"line":56,"column":131}},"type":"binary-expr","locations":[{"start":{"line":56,"column":22},"end":{"line":56,"column":32}},{"start":{"line":56,"column":37},"end":{"line":56,"column":51}},{"start":{"line":56,"column":55},"end":{"line":56,"column":78}},{"start":{"line":56,"column":83},"end":{"line":56,"column":131}}],"line":56},"14":{"loc":{"start":{"line":57,"column":37},"end":{"line":57,"column":88}},"type":"binary-expr","locations":[{"start":{"line":57,"column":38},"end":{"line":57,"column":52}},{"start":{"line":57,"column":56},"end":{"line":57,"column":79}},{"start":{"line":57,"column":84},"end":{"line":57,"column":88}}],"line":57},"15":{"loc":{"start":{"line":57,"column":98},"end":{"line":57,"column":147}},"type":"binary-expr","locations":[{"start":{"line":57,"column":99},"end":{"line":57,"column":113}},{"start":{"line":57,"column":117},"end":{"line":57,"column":138}},{"start":{"line":57,"column":143},"end":{"line":57,"column":147}}],"line":57},"16":{"loc":{"start":{"line":63,"column":6},"end":{"line":65,"column":7}},"type":"if","locations":[{"start":{"line":63,"column":6},"end":{"line":65,"column":7}},{"start":{},"end":{}}],"line":63},"17":{"loc":{"start":{"line":63,"column":10},"end":{"line":63,"column":76}},"type":"binary-expr","locations":[{"start":{"line":63,"column":10},"end":{"line":63,"column":14}},{"start":{"line":63,"column":18},"end":{"line":63,"column":27}},{"start":{"line":63,"column":31},"end":{"line":63,"column":76}}],"line":63},"18":{"loc":{"start":{"line":71,"column":6},"end":{"line":90,"column":7}},"type":"if","locations":[{"start":{"line":71,"column":6},"end":{"line":90,"column":7}},{"start":{},"end":{}}],"line":71},"19":{"loc":{"start":{"line":74,"column":8},"end":{"line":76,"column":9}},"type":"if","locations":[{"start":{"line":74,"column":8},"end":{"line":76,"column":9}},{"start":{},"end":{}}],"line":74},"20":{"loc":{"start":{"line":74,"column":12},"end":{"line":74,"column":60}},"type":"binary-expr","locations":[{"start":{"line":74,"column":12},"end":{"line":74,"column":16}},{"start":{"line":74,"column":20},"end":{"line":74,"column":60}}],"line":74},"21":{"loc":{"start":{"line":79,"column":8},"end":{"line":86,"column":9}},"type":"if","locations":[{"start":{"line":79,"column":8},"end":{"line":86,"column":9}},{"start":{},"end":{}}],"line":79},"22":{"loc":{"start":{"line":79,"column":12},"end":{"line":79,"column":41}},"type":"binary-expr","locations":[{"start":{"line":79,"column":12},"end":{"line":79,"column":25}},{"start":{"line":79,"column":29},"end":{"line":79,"column":41}}],"line":79},"23":{"loc":{"start":{"line":80,"column":10},"end":{"line":84,"column":11}},"type":"if","locations":[{"start":{"line":80,"column":10},"end":{"line":84,"column":11}},{"start":{},"end":{}}],"line":80},"24":{"loc":{"start":{"line":93,"column":6},"end":{"line":97,"column":7}},"type":"if","locations":[{"start":{"line":93,"column":6},"end":{"line":97,"column":7}},{"start":{},"end":{}}],"line":93},"25":{"loc":{"start":{"line":98,"column":31},"end":{"line":98,"column":61}},"type":"binary-expr","locations":[{"start":{"line":98,"column":31},"end":{"line":98,"column":42}},{"start":{"line":98,"column":46},"end":{"line":98,"column":61}}],"line":98}},"s":{"0":3,"1":3,"2":3,"3":1,"4":1,"5":1,"6":1,"7":1,"8":1,"9":1,"10":1,"11":1,"12":1,"13":4,"14":4,"15":4,"16":4,"17":4,"18":6,"19":6,"20":6,"21":0,"22":0,"23":0,"24":0,"25":6,"26":2,"27":2,"28":2,"29":4,"30":4,"31":4,"32":2,"33":0,"34":0,"35":0,"36":4,"37":4,"38":4,"39":4,"40":1,"41":3,"42":3,"43":2,"44":2,"45":2,"46":2,"47":1,"48":0,"49":0,"50":0,"51":0,"52":0,"53":0,"54":0,"55":4,"56":3},"f":{"0":1,"1":1,"2":1,"3":4,"4":6,"5":2,"6":0},"b":{"0":[3,3],"1":[1],"2":[1,1],"3":[0],"4":[4,0],"5":[4,4],"6":[1,3],"7":[0,6],"8":[0,0],"9":[2,0],"10":[2,2,2,2],"11":[2,0],"12":[4,0,4,4,4,0],"13":[4,0,0,0],"14":[4,4,0],"15":[4,4,0],"16":[0,0],"17":[0,0,0],"18":[4,0],"19":[1,3],"20":[4,4],"21":[3,0],"22":[3,3],"23":[2,1],"24":[0,0],"25":[0,0]},"_coverageSchema":"1a1c01bbd47fc00a2c39e90264f33305004495a9","hash":"9ecaf40b1e6d18114d8b6be7118972b33532e652"}
,"C:\\Users\\llopvet\\Desktop\\SujetA\\src\\transformer.js": {"path":"C:\\Users\\llopvet\\Desktop\\SujetA\\src\\transformer.js","statementMap":{"0":{"start":{"line":2,"column":16},"end":{"line":2,"column":103}},"1":{"start":{"line":3,"column":13},"end":{"line":3,"column":37}},"2":{"start":{"line":5,"column":21},"end":{"line":5,"column":23}},"3":{"start":{"line":6,"column":2},"end":{"line":9,"column":3}},"4":{"start":{"line":7,"column":14},"end":{"line":7,"column":57}},"5":{"start":{"line":8,"column":4},"end":{"line":8,"column":31}},"6":{"start":{"line":8,"column":11},"end":{"line":8,"column":31}},"7":{"start":{"line":11,"column":17},"end":{"line":11,"column":93}},"8":{"start":{"line":12,"column":16},"end":{"line":12,"column":124}},"9":{"start":{"line":13,"column":14},"end":{"line":13,"column":50}},"10":{"start":{"line":14,"column":14},"end":{"line":14,"column":47}},"11":{"start":{"line":17,"column":15},"end":{"line":17,"column":88}},"12":{"start":{"line":19,"column":14},"end":{"line":19,"column":64}},"13":{"start":{"line":20,"column":2},"end":{"line":20,"column":13}},"14":{"start":{"line":24,"column":14},"end":{"line":24,"column":38}},"15":{"start":{"line":25,"column":14},"end":{"line":25,"column":121}},"16":{"start":{"line":26,"column":14},"end":{"line":26,"column":78}},"17":{"start":{"line":27,"column":14},"end":{"line":27,"column":66}},"18":{"start":{"line":30,"column":12},"end":{"line":30,"column":16}},"19":{"start":{"line":31,"column":2},"end":{"line":36,"column":3}},"20":{"start":{"line":32,"column":19},"end":{"line":32,"column":122}},"21":{"start":{"line":32,"column":66},"end":{"line":32,"column":121}},"22":{"start":{"line":33,"column":4},"end":{"line":35,"column":5}},"23":{"start":{"line":34,"column":6},"end":{"line":34,"column":58}},"24":{"start":{"line":38,"column":16},"end":{"line":38,"column":36}},"25":{"start":{"line":39,"column":2},"end":{"line":39,"column":27}},"26":{"start":{"line":39,"column":11},"end":{"line":39,"column":27}},"27":{"start":{"line":42,"column":23},"end":{"line":42,"column":27}},"28":{"start":{"line":43,"column":2},"end":{"line":46,"column":3}},"29":{"start":{"line":44,"column":16},"end":{"line":44,"column":146}},"30":{"start":{"line":44,"column":44},"end":{"line":44,"column":145}},"31":{"start":{"line":45,"column":4},"end":{"line":45,"column":65}},"32":{"start":{"line":45,"column":32},"end":{"line":45,"column":65}},"33":{"start":{"line":48,"column":2},"end":{"line":48,"column":100}},"34":{"start":{"line":48,"column":60},"end":{"line":48,"column":100}},"35":{"start":{"line":50,"column":2},"end":{"line":53,"column":3}},"36":{"start":{"line":52,"column":4},"end":{"line":52,"column":40}},"37":{"start":{"line":54,"column":2},"end":{"line":54,"column":26}},"38":{"start":{"line":57,"column":0},"end":{"line":57,"column":53}}},"fnMap":{"0":{"name":"buildPidSegment","decl":{"start":{"line":1,"column":9},"end":{"line":1,"column":24}},"loc":{"start":{"line":1,"column":34},"end":{"line":21,"column":1}},"line":1},"1":{"name":"generateAdtA04","decl":{"start":{"line":23,"column":9},"end":{"line":23,"column":23}},"loc":{"start":{"line":23,"column":62},"end":{"line":55,"column":1}},"line":23},"2":{"name":"(anonymous_2)","decl":{"start":{"line":32,"column":61},"end":{"line":32,"column":62}},"loc":{"start":{"line":32,"column":66},"end":{"line":32,"column":121}},"line":32},"3":{"name":"(anonymous_3)","decl":{"start":{"line":44,"column":39},"end":{"line":44,"column":40}},"loc":{"start":{"line":44,"column":44},"end":{"line":44,"column":145}},"line":44}},"branchMap":{"0":{"loc":{"start":{"line":2,"column":16},"end":{"line":2,"column":103}},"type":"cond-expr","locations":[{"start":{"line":2,"column":75},"end":{"line":2,"column":96}},{"start":{"line":2,"column":99},"end":{"line":2,"column":103}}],"line":2},"1":{"loc":{"start":{"line":2,"column":17},"end":{"line":2,"column":71}},"type":"binary-expr","locations":[{"start":{"line":2,"column":17},"end":{"line":2,"column":24}},{"start":{"line":2,"column":28},"end":{"line":2,"column":46}},{"start":{"line":2,"column":50},"end":{"line":2,"column":71}}],"line":2},"2":{"loc":{"start":{"line":3,"column":13},"end":{"line":3,"column":37}},"type":"cond-expr","locations":[{"start":{"line":3,"column":21},"end":{"line":3,"column":32}},{"start":{"line":3,"column":35},"end":{"line":3,"column":37}}],"line":3},"3":{"loc":{"start":{"line":6,"column":2},"end":{"line":9,"column":3}},"type":"if","locations":[{"start":{"line":6,"column":2},"end":{"line":9,"column":3}},{"start":{},"end":{}}],"line":6},"4":{"loc":{"start":{"line":6,"column":6},"end":{"line":6,"column":27}},"type":"binary-expr","locations":[{"start":{"line":6,"column":6},"end":{"line":6,"column":11}},{"start":{"line":6,"column":15},"end":{"line":6,"column":27}}],"line":6},"5":{"loc":{"start":{"line":8,"column":4},"end":{"line":8,"column":31}},"type":"if","locations":[{"start":{"line":8,"column":4},"end":{"line":8,"column":31}},{"start":{},"end":{}}],"line":8},"6":{"loc":{"start":{"line":11,"column":17},"end":{"line":11,"column":93}},"type":"binary-expr","locations":[{"start":{"line":11,"column":18},"end":{"line":11,"column":25}},{"start":{"line":11,"column":29},"end":{"line":11,"column":41}},{"start":{"line":11,"column":45},"end":{"line":11,"column":60}},{"start":{"line":11,"column":64},"end":{"line":11,"column":86}},{"start":{"line":11,"column":91},"end":{"line":11,"column":93}}],"line":11},"7":{"loc":{"start":{"line":12,"column":16},"end":{"line":12,"column":124}},"type":"cond-expr","locations":[{"start":{"line":12,"column":88},"end":{"line":12,"column":119}},{"start":{"line":12,"column":122},"end":{"line":12,"column":124}}],"line":12},"8":{"loc":{"start":{"line":12,"column":17},"end":{"line":12,"column":84}},"type":"binary-expr","locations":[{"start":{"line":12,"column":17},"end":{"line":12,"column":24}},{"start":{"line":12,"column":28},"end":{"line":12,"column":40}},{"start":{"line":12,"column":44},"end":{"line":12,"column":59}},{"start":{"line":12,"column":63},"end":{"line":12,"column":84}}],"line":12},"9":{"loc":{"start":{"line":13,"column":14},"end":{"line":13,"column":50}},"type":"binary-expr","locations":[{"start":{"line":13,"column":15},"end":{"line":13,"column":22}},{"start":{"line":13,"column":26},"end":{"line":13,"column":43}},{"start":{"line":13,"column":48},"end":{"line":13,"column":50}}],"line":13},"10":{"loc":{"start":{"line":14,"column":14},"end":{"line":14,"column":47}},"type":"binary-expr","locations":[{"start":{"line":14,"column":15},"end":{"line":14,"column":22}},{"start":{"line":14,"column":26},"end":{"line":14,"column":40}},{"start":{"line":14,"column":45},"end":{"line":14,"column":47}}],"line":14},"11":{"loc":{"start":{"line":17,"column":15},"end":{"line":17,"column":88}},"type":"cond-expr","locations":[{"start":{"line":17,"column":30},"end":{"line":17,"column":78}},{"start":{"line":17,"column":81},"end":{"line":17,"column":88}}],"line":17},"12":{"loc":{"start":{"line":23,"column":33},"end":{"line":23,"column":47}},"type":"default-arg","locations":[{"start":{"line":23,"column":45},"end":{"line":23,"column":47}}],"line":23},"13":{"loc":{"start":{"line":23,"column":49},"end":{"line":23,"column":60}},"type":"default-arg","locations":[{"start":{"line":23,"column":58},"end":{"line":23,"column":60}}],"line":23},"14":{"loc":{"start":{"line":26,"column":53},"end":{"line":26,"column":76}},"type":"binary-expr","locations":[{"start":{"line":26,"column":53},"end":{"line":26,"column":64}},{"start":{"line":26,"column":68},"end":{"line":26,"column":76}}],"line":26},"15":{"loc":{"start":{"line":27,"column":25},"end":{"line":27,"column":64}},"type":"binary-expr","locations":[{"start":{"line":27,"column":26},"end":{"line":27,"column":35}},{"start":{"line":27,"column":39},"end":{"line":27,"column":57}},{"start":{"line":27,"column":62},"end":{"line":27,"column":64}}],"line":27},"16":{"loc":{"start":{"line":31,"column":2},"end":{"line":36,"column":3}},"type":"if","locations":[{"start":{"line":31,"column":2},"end":{"line":36,"column":3}},{"start":{},"end":{}}],"line":31},"17":{"loc":{"start":{"line":31,"column":6},"end":{"line":31,"column":131}},"type":"binary-expr","locations":[{"start":{"line":31,"column":6},"end":{"line":31,"column":15}},{"start":{"line":31,"column":19},"end":{"line":31,"column":43}},{"start":{"line":31,"column":47},"end":{"line":31,"column":76}},{"start":{"line":31,"column":80},"end":{"line":31,"column":131}}],"line":31},"18":{"loc":{"start":{"line":32,"column":66},"end":{"line":32,"column":121}},"type":"binary-expr","locations":[{"start":{"line":32,"column":66},"end":{"line":32,"column":97}},{"start":{"line":32,"column":101},"end":{"line":32,"column":121}}],"line":32},"19":{"loc":{"start":{"line":33,"column":4},"end":{"line":35,"column":5}},"type":"if","locations":[{"start":{"line":33,"column":4},"end":{"line":35,"column":5}},{"start":{},"end":{}}],"line":33},"20":{"loc":{"start":{"line":39,"column":2},"end":{"line":39,"column":27}},"type":"if","locations":[{"start":{"line":39,"column":2},"end":{"line":39,"column":27}},{"start":{},"end":{}}],"line":39},"21":{"loc":{"start":{"line":43,"column":2},"end":{"line":46,"column":3}},"type":"if","locations":[{"start":{"line":43,"column":2},"end":{"line":46,"column":3}},{"start":{},"end":{}}],"line":43},"22":{"loc":{"start":{"line":43,"column":6},"end":{"line":43,"column":49}},"type":"binary-expr","locations":[{"start":{"line":43,"column":6},"end":{"line":43,"column":13}},{"start":{"line":43,"column":17},"end":{"line":43,"column":49}}],"line":43},"23":{"loc":{"start":{"line":44,"column":44},"end":{"line":44,"column":145}},"type":"binary-expr","locations":[{"start":{"line":44,"column":45},"end":{"line":44,"column":50}},{"start":{"line":44,"column":54},"end":{"line":44,"column":89}},{"start":{"line":44,"column":95},"end":{"line":44,"column":100}},{"start":{"line":44,"column":104},"end":{"line":44,"column":144}}],"line":44},"24":{"loc":{"start":{"line":45,"column":4},"end":{"line":45,"column":65}},"type":"if","locations":[{"start":{"line":45,"column":4},"end":{"line":45,"column":65}},{"start":{},"end":{}}],"line":45},"25":{"loc":{"start":{"line":45,"column":8},"end":{"line":45,"column":30}},"type":"binary-expr","locations":[{"start":{"line":45,"column":8},"end":{"line":45,"column":11}},{"start":{"line":45,"column":15},"end":{"line":45,"column":30}}],"line":45},"26":{"loc":{"start":{"line":48,"column":2},"end":{"line":48,"column":100}},"type":"if","locations":[{"start":{"line":48,"column":2},"end":{"line":48,"column":100}},{"start":{},"end":{}}],"line":48},"27":{"loc":{"start":{"line":48,"column":6},"end":{"line":48,"column":58}},"type":"binary-expr","locations":[{"start":{"line":48,"column":6},"end":{"line":48,"column":21}},{"start":{"line":48,"column":25},"end":{"line":48,"column":32}},{"start":{"line":48,"column":36},"end":{"line":48,"column":58}}],"line":48},"28":{"loc":{"start":{"line":50,"column":2},"end":{"line":53,"column":3}},"type":"if","locations":[{"start":{"line":50,"column":2},"end":{"line":53,"column":3}},{"start":{},"end":{}}],"line":50}},"s":{"0":4,"1":4,"2":4,"3":4,"4":0,"5":0,"6":0,"7":4,"8":4,"9":4,"10":4,"11":4,"12":4,"13":4,"14":3,"15":3,"16":3,"17":3,"18":3,"19":3,"20":0,"21":0,"22":0,"23":0,"24":3,"25":3,"26":0,"27":3,"28":3,"29":0,"30":0,"31":0,"32":0,"33":3,"34":1,"35":3,"36":1,"37":3,"38":3},"f":{"0":4,"1":3,"2":0,"3":0},"b":{"0":[4,0],"1":[4,4,4],"2":[4,0],"3":[0,4],"4":[4,4],"5":[0,0],"6":[4,4,4,4,0],"7":[4,0],"8":[4,4,4,4],"9":[4,4,0],"10":[4,4,0],"11":[0,4],"12":[0],"13":[0],"14":[3,0],"15":[3,3,3],"16":[0,3],"17":[3,3,0,0],"18":[0,0],"19":[0,0],"20":[0,3],"21":[0,3],"22":[3,3],"23":[0,0,0,0],"24":[0,0],"25":[0,0],"26":[1,2],"27":[3,3,3],"28":[1,2]},"_coverageSchema":"1a1c01bbd47fc00a2c39e90264f33305004495a9","hash":"50cc5cb373b87c140ef1307fa2eb827ac80a577c"}
,"C:\\Users\\llopvet\\Desktop\\SujetA\\src\\validator.js": {"path":"C:\\Users\\llopvet\\Desktop\\SujetA\\src\\validator.js","statementMap":{"0":{"start":{"line":2,"column":17},"end":{"line":2,"column":19}},"1":{"start":{"line":3,"column":2},"end":{"line":6,"column":3}},"2":{"start":{"line":4,"column":4},"end":{"line":4,"column":92}},"3":{"start":{"line":5,"column":4},"end":{"line":5,"column":36}},"4":{"start":{"line":7,"column":2},"end":{"line":9,"column":3}},"5":{"start":{"line":8,"column":4},"end":{"line":8,"column":115}},"6":{"start":{"line":10,"column":2},"end":{"line":13,"column":3}},"7":{"start":{"line":11,"column":4},"end":{"line":11,"column":94}},"8":{"start":{"line":12,"column":4},"end":{"line":12,"column":36}},"9":{"start":{"line":14,"column":2},"end":{"line":21,"column":3}},"10":{"start":{"line":15,"column":4},"end":{"line":17,"column":5}},"11":{"start":{"line":16,"column":6},"end":{"line":16,"column":99}},"12":{"start":{"line":18,"column":4},"end":{"line":20,"column":5}},"13":{"start":{"line":19,"column":6},"end":{"line":19,"column":107}},"14":{"start":{"line":22,"column":16},"end":{"line":22,"column":59}},"15":{"start":{"line":22,"column":35},"end":{"line":22,"column":58}},"16":{"start":{"line":23,"column":2},"end":{"line":23,"column":27}},"17":{"start":{"line":26,"column":0},"end":{"line":26,"column":45}}},"fnMap":{"0":{"name":"validateBundleStructure","decl":{"start":{"line":1,"column":9},"end":{"line":1,"column":32}},"loc":{"start":{"line":1,"column":41},"end":{"line":24,"column":1}},"line":1},"1":{"name":"(anonymous_1)","decl":{"start":{"line":22,"column":29},"end":{"line":22,"column":30}},"loc":{"start":{"line":22,"column":35},"end":{"line":22,"column":58}},"line":22}},"branchMap":{"0":{"loc":{"start":{"line":3,"column":2},"end":{"line":6,"column":3}},"type":"if","locations":[{"start":{"line":3,"column":2},"end":{"line":6,"column":3}},{"start":{},"end":{}}],"line":3},"1":{"loc":{"start":{"line":3,"column":6},"end":{"line":3,"column":49}},"type":"binary-expr","locations":[{"start":{"line":3,"column":6},"end":{"line":3,"column":13}},{"start":{"line":3,"column":17},"end":{"line":3,"column":49}}],"line":3},"2":{"loc":{"start":{"line":7,"column":2},"end":{"line":9,"column":3}},"type":"if","locations":[{"start":{"line":7,"column":2},"end":{"line":9,"column":3}},{"start":{},"end":{}}],"line":7},"3":{"loc":{"start":{"line":10,"column":2},"end":{"line":13,"column":3}},"type":"if","locations":[{"start":{"line":10,"column":2},"end":{"line":13,"column":3}},{"start":{},"end":{}}],"line":10},"4":{"loc":{"start":{"line":10,"column":6},"end":{"line":10,"column":63}},"type":"binary-expr","locations":[{"start":{"line":10,"column":6},"end":{"line":10,"column":34}},{"start":{"line":10,"column":38},"end":{"line":10,"column":63}}],"line":10},"5":{"loc":{"start":{"line":14,"column":28},"end":{"line":14,"column":46}},"type":"binary-expr","locations":[{"start":{"line":14,"column":28},"end":{"line":14,"column":40}},{"start":{"line":14,"column":44},"end":{"line":14,"column":46}}],"line":14},"6":{"loc":{"start":{"line":15,"column":4},"end":{"line":17,"column":5}},"type":"if","locations":[{"start":{"line":15,"column":4},"end":{"line":17,"column":5}},{"start":{},"end":{}}],"line":15},"7":{"loc":{"start":{"line":15,"column":8},"end":{"line":15,"column":55}},"type":"binary-expr","locations":[{"start":{"line":15,"column":8},"end":{"line":15,"column":23}},{"start":{"line":15,"column":27},"end":{"line":15,"column":55}}],"line":15},"8":{"loc":{"start":{"line":18,"column":4},"end":{"line":20,"column":5}},"type":"if","locations":[{"start":{"line":18,"column":4},"end":{"line":20,"column":5}},{"start":{},"end":{}}],"line":18},"9":{"loc":{"start":{"line":18,"column":8},"end":{"line":18,"column":69}},"type":"binary-expr","locations":[{"start":{"line":18,"column":8},"end":{"line":18,"column":22}},{"start":{"line":18,"column":26},"end":{"line":18,"column":47}},{"start":{"line":18,"column":51},"end":{"line":18,"column":69}}],"line":18}},"s":{"0":2,"1":2,"2":1,"3":1,"4":1,"5":0,"6":1,"7":0,"8":0,"9":1,"10":1,"11":0,"12":1,"13":0,"14":1,"15":0,"16":1,"17":4},"f":{"0":2,"1":0},"b":{"0":[1,1],"1":[2,1],"2":[0,1],"3":[0,1],"4":[1,1],"5":[1,0],"6":[0,1],"7":[1,1],"8":[0,1],"9":[1,1,1]},"_coverageSchema":"1a1c01bbd47fc00a2c39e90264f33305004495a9","hash":"875bff5dbe603903fa8741f2ba49565bb3f984ac"}
,"C:\\Users\\llopvet\\Desktop\\SujetA\\web\\app.js": {"path":"C:\\Users\\llopvet\\Desktop\\SujetA\\web\\app.js","statementMap":{"0":{"start":{"line":1,"column":0},"end":{"line":103,"column":3}},"1":{"start":{"line":2,"column":2},"end":{"line":2,"column":21}},"2":{"start":{"line":3,"column":14},"end":{"line":3,"column":50}},"3":{"start":{"line":4,"column":14},"end":{"line":4,"column":72}},"4":{"start":{"line":5,"column":15},"end":{"line":5,"column":31}},"5":{"start":{"line":8,"column":16},"end":{"line":8,"column":20}},"6":{"start":{"line":9,"column":2},"end":{"line":15,"column":3}},"7":{"start":{"line":10,"column":4},"end":{"line":12,"column":5}},"8":{"start":{"line":11,"column":6},"end":{"line":11,"column":95}},"9":{"start":{"line":11,"column":65},"end":{"line":11,"column":86}},"10":{"start":{"line":11,"column":87},"end":{"line":11,"column":93}},"11":{"start":{"line":13,"column":9},"end":{"line":15,"column":3}},"12":{"start":{"line":14,"column":4},"end":{"line":14,"column":19}},"13":{"start":{"line":17,"column":18},"end":{"line":17,"column":59}},"14":{"start":{"line":18,"column":18},"end":{"line":18,"column":56}},"15":{"start":{"line":19,"column":18},"end":{"line":19,"column":59}},"16":{"start":{"line":20,"column":2},"end":{"line":25,"column":3}},"17":{"start":{"line":21,"column":4},"end":{"line":21,"column":50}},"18":{"start":{"line":22,"column":4},"end":{"line":22,"column":35}},"19":{"start":{"line":23,"column":4},"end":{"line":23,"column":35}},"20":{"start":{"line":24,"column":4},"end":{"line":24,"column":11}},"21":{"start":{"line":28,"column":13},"end":{"line":28,"column":95}},"22":{"start":{"line":29,"column":17},"end":{"line":29,"column":82}},"23":{"start":{"line":30,"column":16},"end":{"line":30,"column":113}},"24":{"start":{"line":31,"column":14},"end":{"line":31,"column":37}},"25":{"start":{"line":32,"column":17},"end":{"line":32,"column":37}},"26":{"start":{"line":33,"column":15},"end":{"line":33,"column":190}},"27":{"start":{"line":34,"column":18},"end":{"line":34,"column":88}},"28":{"start":{"line":34,"column":51},"end":{"line":34,"column":75}},"29":{"start":{"line":36,"column":2},"end":{"line":42,"column":4}},"30":{"start":{"line":44,"column":2},"end":{"line":44,"column":57}},"31":{"start":{"line":45,"column":2},"end":{"line":45,"column":33}},"32":{"start":{"line":46,"column":2},"end":{"line":46,"column":41}},"33":{"start":{"line":49,"column":2},"end":{"line":70,"column":4}},"34":{"start":{"line":50,"column":4},"end":{"line":50,"column":48}},"35":{"start":{"line":51,"column":4},"end":{"line":51,"column":55}},"36":{"start":{"line":52,"column":4},"end":{"line":52,"column":53}},"37":{"start":{"line":53,"column":4},"end":{"line":53,"column":60}},"38":{"start":{"line":53,"column":13},"end":{"line":53,"column":60}},"39":{"start":{"line":54,"column":4},"end":{"line":54,"column":178}},"40":{"start":{"line":54,"column":16},"end":{"line":54,"column":178}},"41":{"start":{"line":55,"column":4},"end":{"line":55,"column":169}},"42":{"start":{"line":55,"column":91},"end":{"line":55,"column":109}},"43":{"start":{"line":55,"column":138},"end":{"line":55,"column":156}},"44":{"start":{"line":56,"column":4},"end":{"line":56,"column":169}},"45":{"start":{"line":56,"column":91},"end":{"line":56,"column":109}},"46":{"start":{"line":56,"column":138},"end":{"line":56,"column":156}},"47":{"start":{"line":57,"column":4},"end":{"line":57,"column":196}},"48":{"start":{"line":57,"column":47},"end":{"line":57,"column":196}},"49":{"start":{"line":58,"column":4},"end":{"line":58,"column":96}},"50":{"start":{"line":60,"column":20},"end":{"line":60,"column":103}},"51":{"start":{"line":61,"column":4},"end":{"line":68,"column":5}},"52":{"start":{"line":62,"column":17},"end":{"line":62,"column":45}},"53":{"start":{"line":63,"column":6},"end":{"line":63,"column":23}},"54":{"start":{"line":63,"column":14},"end":{"line":63,"column":23}},"55":{"start":{"line":64,"column":6},"end":{"line":64,"column":45}},"56":{"start":{"line":66,"column":6},"end":{"line":66,"column":26}},"57":{"start":{"line":67,"column":6},"end":{"line":67,"column":42}},"58":{"start":{"line":69,"column":4},"end":{"line":69,"column":59}},"59":{"start":{"line":69,"column":60},"end":{"line":69,"column":139}},"60":{"start":{"line":69,"column":75},"end":{"line":69,"column":132}},"61":{"start":{"line":73,"column":2},"end":{"line":75,"column":4}},"62":{"start":{"line":74,"column":4},"end":{"line":74,"column":105}},"63":{"start":{"line":74,"column":40},"end":{"line":74,"column":70}},"64":{"start":{"line":74,"column":76},"end":{"line":74,"column":105}},"65":{"start":{"line":78,"column":2},"end":{"line":102,"column":4}},"66":{"start":{"line":79,"column":4},"end":{"line":101,"column":70}},"67":{"start":{"line":80,"column":25},"end":{"line":80,"column":26}},"68":{"start":{"line":81,"column":17},"end":{"line":81,"column":108}},"69":{"start":{"line":82,"column":21},"end":{"line":82,"column":95}},"70":{"start":{"line":83,"column":20},"end":{"line":83,"column":129}},"71":{"start":{"line":84,"column":18},"end":{"line":84,"column":44}},"72":{"start":{"line":85,"column":21},"end":{"line":85,"column":44}},"73":{"start":{"line":86,"column":6},"end":{"line":86,"column":50}},"74":{"start":{"line":87,"column":6},"end":{"line":87,"column":57}},"75":{"start":{"line":88,"column":6},"end":{"line":88,"column":55}},"76":{"start":{"line":89,"column":6},"end":{"line":89,"column":61}},"77":{"start":{"line":89,"column":14},"end":{"line":89,"column":61}},"78":{"start":{"line":90,"column":6},"end":{"line":90,"column":179}},"79":{"start":{"line":90,"column":17},"end":{"line":90,"column":179}},"80":{"start":{"line":91,"column":6},"end":{"line":91,"column":180}},"81":{"start":{"line":91,"column":99},"end":{"line":91,"column":117}},"82":{"start":{"line":91,"column":149},"end":{"line":91,"column":167}},"83":{"start":{"line":92,"column":6},"end":{"line":92,"column":180}},"84":{"start":{"line":92,"column":99},"end":{"line":92,"column":117}},"85":{"start":{"line":92,"column":149},"end":{"line":92,"column":167}},"86":{"start":{"line":93,"column":6},"end":{"line":93,"column":213}},"87":{"start":{"line":93,"column":55},"end":{"line":93,"column":213}},"88":{"start":{"line":95,"column":22},"end":{"line":95,"column":105}},"89":{"start":{"line":96,"column":6},"end":{"line":99,"column":7}},"90":{"start":{"line":97,"column":19},"end":{"line":97,"column":47}},"91":{"start":{"line":98,"column":8},"end":{"line":98,"column":25}},"92":{"start":{"line":98,"column":16},"end":{"line":98,"column":25}},"93":{"start":{"line":98,"column":26},"end":{"line":98,"column":65}},"94":{"start":{"line":98,"column":66},"end":{"line":98,"column":86}},"95":{"start":{"line":98,"column":87},"end":{"line":98,"column":123}},"96":{"start":{"line":100,"column":6},"end":{"line":100,"column":18}},"97":{"start":{"line":101,"column":14},"end":{"line":101,"column":56}},"98":{"start":{"line":101,"column":57},"end":{"line":101,"column":69}},"99":{"start":{"line":105,"column":0},"end":{"line":137,"column":3}},"100":{"start":{"line":106,"column":2},"end":{"line":106,"column":21}},"101":{"start":{"line":107,"column":15},"end":{"line":118,"column":3}},"102":{"start":{"line":119,"column":16},"end":{"line":119,"column":56}},"103":{"start":{"line":120,"column":16},"end":{"line":120,"column":56}},"104":{"start":{"line":121,"column":2},"end":{"line":121,"column":89}},"105":{"start":{"line":121,"column":13},"end":{"line":121,"column":89}},"106":{"start":{"line":122,"column":2},"end":{"line":122,"column":87}},"107":{"start":{"line":122,"column":13},"end":{"line":122,"column":87}},"108":{"start":{"line":124,"column":14},"end":{"line":124,"column":140}},"109":{"start":{"line":125,"column":15},"end":{"line":125,"column":31}},"110":{"start":{"line":126,"column":16},"end":{"line":126,"column":57}},"111":{"start":{"line":127,"column":4},"end":{"line":127,"column":59}},"112":{"start":{"line":128,"column":4},"end":{"line":128,"column":59}},"113":{"start":{"line":129,"column":4},"end":{"line":129,"column":83}},"114":{"start":{"line":129,"column":19},"end":{"line":129,"column":76}},"115":{"start":{"line":131,"column":2},"end":{"line":136,"column":3}},"116":{"start":{"line":132,"column":14},"end":{"line":132,"column":50}},"117":{"start":{"line":133,"column":4},"end":{"line":133,"column":42}},"118":{"start":{"line":134,"column":4},"end":{"line":134,"column":37}},"119":{"start":{"line":135,"column":4},"end":{"line":135,"column":56}},"120":{"start":{"line":139,"column":2},"end":{"line":142,"column":5}},"121":{"start":{"line":140,"column":4},"end":{"line":140,"column":53}},"122":{"start":{"line":141,"column":4},"end":{"line":141,"column":71}},"123":{"start":{"line":144,"column":2},"end":{"line":147,"column":5}},"124":{"start":{"line":145,"column":16},"end":{"line":145,"column":64}},"125":{"start":{"line":146,"column":4},"end":{"line":146,"column":227}},"126":{"start":{"line":146,"column":9},"end":{"line":146,"column":50}},"127":{"start":{"line":146,"column":51},"end":{"line":146,"column":106}},"128":{"start":{"line":146,"column":107},"end":{"line":146,"column":186}},"129":{"start":{"line":146,"column":122},"end":{"line":146,"column":179}},"130":{"start":{"line":146,"column":196},"end":{"line":146,"column":226}},"131":{"start":{"line":149,"column":2},"end":{"line":154,"column":5}},"132":{"start":{"line":150,"column":16},"end":{"line":150,"column":64}},"133":{"start":{"line":151,"column":17},"end":{"line":151,"column":53}},"134":{"start":{"line":152,"column":16},"end":{"line":152,"column":41}},"135":{"start":{"line":153,"column":14},"end":{"line":153,"column":41}},"136":{"start":{"line":153,"column":43},"end":{"line":153,"column":54}},"137":{"start":{"line":153,"column":55},"end":{"line":153,"column":76}},"138":{"start":{"line":153,"column":77},"end":{"line":153,"column":106}},"139":{"start":{"line":153,"column":107},"end":{"line":153,"column":117}},"140":{"start":{"line":153,"column":118},"end":{"line":153,"column":129}},"141":{"start":{"line":153,"column":130},"end":{"line":153,"column":155}},"142":{"start":{"line":156,"column":2},"end":{"line":158,"column":5}},"143":{"start":{"line":157,"column":4},"end":{"line":157,"column":65}},"144":{"start":{"line":161,"column":23},"end":{"line":161,"column":55}},"145":{"start":{"line":162,"column":2},"end":{"line":162,"column":46}},"146":{"start":{"line":163,"column":2},"end":{"line":163,"column":39}},"147":{"start":{"line":164,"column":2},"end":{"line":164,"column":40}},"148":{"start":{"line":165,"column":2},"end":{"line":165,"column":83}},"149":{"start":{"line":165,"column":46},"end":{"line":165,"column":81}},"150":{"start":{"line":166,"column":2},"end":{"line":166,"column":85}},"151":{"start":{"line":169,"column":2},"end":{"line":181,"column":5}},"152":{"start":{"line":170,"column":4},"end":{"line":170,"column":61}},"153":{"start":{"line":171,"column":4},"end":{"line":171,"column":56}},"154":{"start":{"line":172,"column":4},"end":{"line":172,"column":54}},"155":{"start":{"line":173,"column":4},"end":{"line":173,"column":58}},"156":{"start":{"line":174,"column":4},"end":{"line":174,"column":50}},"157":{"start":{"line":175,"column":4},"end":{"line":175,"column":60}},"158":{"start":{"line":176,"column":4},"end":{"line":176,"column":74}},"159":{"start":{"line":177,"column":4},"end":{"line":177,"column":71}},"160":{"start":{"line":178,"column":4},"end":{"line":178,"column":60}},"161":{"start":{"line":179,"column":4},"end":{"line":179,"column":70}},"162":{"start":{"line":180,"column":4},"end":{"line":180,"column":62}},"163":{"start":{"line":184,"column":2},"end":{"line":198,"column":5}},"164":{"start":{"line":185,"column":21},"end":{"line":185,"column":53}},"165":{"start":{"line":186,"column":4},"end":{"line":196,"column":5}},"166":{"start":{"line":187,"column":17},"end":{"line":187,"column":44}},"167":{"start":{"line":188,"column":6},"end":{"line":195,"column":7}},"168":{"start":{"line":189,"column":8},"end":{"line":189,"column":27}},"169":{"start":{"line":190,"column":8},"end":{"line":190,"column":19}},"170":{"start":{"line":191,"column":8},"end":{"line":191,"column":99}},"171":{"start":{"line":192,"column":8},"end":{"line":192,"column":63}},"172":{"start":{"line":193,"column":8},"end":{"line":193,"column":87}},"173":{"start":{"line":193,"column":23},"end":{"line":193,"column":80}},"174":{"start":{"line":194,"column":8},"end":{"line":194,"column":21}},"175":{"start":{"line":197,"column":4},"end":{"line":197,"column":16}}},"fnMap":{"0":{"name":"(anonymous_0)","decl":{"start":{"line":1,"column":65},"end":{"line":1,"column":66}},"loc":{"start":{"line":1,"column":78},"end":{"line":103,"column":1}},"line":1},"1":{"name":"(anonymous_1)","decl":{"start":{"line":34,"column":46},"end":{"line":34,"column":47}},"loc":{"start":{"line":34,"column":51},"end":{"line":34,"column":75}},"line":34},"2":{"name":"(anonymous_2)","decl":{"start":{"line":49,"column":20},"end":{"line":49,"column":21}},"loc":{"start":{"line":49,"column":26},"end":{"line":70,"column":3}},"line":49},"3":{"name":"(anonymous_3)","decl":{"start":{"line":55,"column":88},"end":{"line":55,"column":89}},"loc":{"start":{"line":55,"column":91},"end":{"line":55,"column":109}},"line":55},"4":{"name":"(anonymous_4)","decl":{"start":{"line":55,"column":135},"end":{"line":55,"column":136}},"loc":{"start":{"line":55,"column":138},"end":{"line":55,"column":156}},"line":55},"5":{"name":"(anonymous_5)","decl":{"start":{"line":56,"column":88},"end":{"line":56,"column":89}},"loc":{"start":{"line":56,"column":91},"end":{"line":56,"column":109}},"line":56},"6":{"name":"(anonymous_6)","decl":{"start":{"line":56,"column":135},"end":{"line":56,"column":136}},"loc":{"start":{"line":56,"column":138},"end":{"line":56,"column":156}},"line":56},"7":{"name":"(anonymous_7)","decl":{"start":{"line":69,"column":71},"end":{"line":69,"column":72}},"loc":{"start":{"line":69,"column":75},"end":{"line":69,"column":132}},"line":69},"8":{"name":"(anonymous_8)","decl":{"start":{"line":73,"column":48},"end":{"line":73,"column":49}},"loc":{"start":{"line":73,"column":52},"end":{"line":75,"column":3}},"line":73},"9":{"name":"(anonymous_9)","decl":{"start":{"line":78,"column":27},"end":{"line":78,"column":28}},"loc":{"start":{"line":78,"column":38},"end":{"line":102,"column":3}},"line":78},"10":{"name":"(anonymous_10)","decl":{"start":{"line":91,"column":96},"end":{"line":91,"column":97}},"loc":{"start":{"line":91,"column":99},"end":{"line":91,"column":117}},"line":91},"11":{"name":"(anonymous_11)","decl":{"start":{"line":91,"column":146},"end":{"line":91,"column":147}},"loc":{"start":{"line":91,"column":149},"end":{"line":91,"column":167}},"line":91},"12":{"name":"(anonymous_12)","decl":{"start":{"line":92,"column":96},"end":{"line":92,"column":97}},"loc":{"start":{"line":92,"column":99},"end":{"line":92,"column":117}},"line":92},"13":{"name":"(anonymous_13)","decl":{"start":{"line":92,"column":146},"end":{"line":92,"column":147}},"loc":{"start":{"line":92,"column":149},"end":{"line":92,"column":167}},"line":92},"14":{"name":"(anonymous_14)","decl":{"start":{"line":105,"column":68},"end":{"line":105,"column":69}},"loc":{"start":{"line":105,"column":81},"end":{"line":137,"column":1}},"line":105},"15":{"name":"(anonymous_15)","decl":{"start":{"line":129,"column":15},"end":{"line":129,"column":16}},"loc":{"start":{"line":129,"column":19},"end":{"line":129,"column":76}},"line":129},"16":{"name":"(anonymous_16)","decl":{"start":{"line":139,"column":65},"end":{"line":139,"column":66}},"loc":{"start":{"line":139,"column":69},"end":{"line":142,"column":3}},"line":139},"17":{"name":"(anonymous_17)","decl":{"start":{"line":144,"column":63},"end":{"line":144,"column":64}},"loc":{"start":{"line":144,"column":73},"end":{"line":147,"column":3}},"line":144},"18":{"name":"(anonymous_18)","decl":{"start":{"line":146,"column":118},"end":{"line":146,"column":119}},"loc":{"start":{"line":146,"column":122},"end":{"line":146,"column":179}},"line":146},"19":{"name":"(anonymous_19)","decl":{"start":{"line":149,"column":67},"end":{"line":149,"column":68}},"loc":{"start":{"line":149,"column":71},"end":{"line":154,"column":3}},"line":149},"20":{"name":"(anonymous_20)","decl":{"start":{"line":156,"column":63},"end":{"line":156,"column":64}},"loc":{"start":{"line":156,"column":67},"end":{"line":158,"column":3}},"line":156},"21":{"name":"(anonymous_21)","decl":{"start":{"line":165,"column":41},"end":{"line":165,"column":42}},"loc":{"start":{"line":165,"column":46},"end":{"line":165,"column":81}},"line":165},"22":{"name":"(anonymous_22)","decl":{"start":{"line":169,"column":67},"end":{"line":169,"column":68}},"loc":{"start":{"line":169,"column":71},"end":{"line":181,"column":3}},"line":169},"23":{"name":"(anonymous_23)","decl":{"start":{"line":184,"column":70},"end":{"line":184,"column":71}},"loc":{"start":{"line":184,"column":75},"end":{"line":198,"column":3}},"line":184},"24":{"name":"(anonymous_24)","decl":{"start":{"line":193,"column":19},"end":{"line":193,"column":20}},"loc":{"start":{"line":193,"column":23},"end":{"line":193,"column":80}},"line":193}},"branchMap":{"0":{"loc":{"start":{"line":9,"column":2},"end":{"line":15,"column":3}},"type":"if","locations":[{"start":{"line":9,"column":2},"end":{"line":15,"column":3}},{"start":{"line":13,"column":9},"end":{"line":15,"column":3}}],"line":9},"1":{"loc":{"start":{"line":9,"column":6},"end":{"line":9,"column":73}},"type":"binary-expr","locations":[{"start":{"line":9,"column":6},"end":{"line":9,"column":10}},{"start":{"line":9,"column":14},"end":{"line":9,"column":44}},{"start":{"line":9,"column":48},"end":{"line":9,"column":73}}],"line":9},"2":{"loc":{"start":{"line":11,"column":6},"end":{"line":11,"column":95}},"type":"if","locations":[{"start":{"line":11,"column":6},"end":{"line":11,"column":95}},{"start":{},"end":{}}],"line":11},"3":{"loc":{"start":{"line":11,"column":10},"end":{"line":11,"column":61}},"type":"binary-expr","locations":[{"start":{"line":11,"column":10},"end":{"line":11,"column":20}},{"start":{"line":11,"column":24},"end":{"line":11,"column":61}}],"line":11},"4":{"loc":{"start":{"line":13,"column":9},"end":{"line":15,"column":3}},"type":"if","locations":[{"start":{"line":13,"column":9},"end":{"line":15,"column":3}},{"start":{},"end":{}}],"line":13},"5":{"loc":{"start":{"line":13,"column":13},"end":{"line":13,"column":52}},"type":"binary-expr","locations":[{"start":{"line":13,"column":13},"end":{"line":13,"column":17}},{"start":{"line":13,"column":21},"end":{"line":13,"column":52}}],"line":13},"6":{"loc":{"start":{"line":20,"column":2},"end":{"line":25,"column":3}},"type":"if","locations":[{"start":{"line":20,"column":2},"end":{"line":25,"column":3}},{"start":{},"end":{}}],"line":20},"7":{"loc":{"start":{"line":28,"column":13},"end":{"line":28,"column":95}},"type":"binary-expr","locations":[{"start":{"line":28,"column":14},"end":{"line":28,"column":32}},{"start":{"line":28,"column":36},"end":{"line":28,"column":57}},{"start":{"line":28,"column":61},"end":{"line":28,"column":88}},{"start":{"line":28,"column":93},"end":{"line":28,"column":95}}],"line":28},"8":{"loc":{"start":{"line":29,"column":17},"end":{"line":29,"column":82}},"type":"binary-expr","locations":[{"start":{"line":29,"column":18},"end":{"line":29,"column":30}},{"start":{"line":29,"column":34},"end":{"line":29,"column":49}},{"start":{"line":29,"column":53},"end":{"line":29,"column":75}},{"start":{"line":29,"column":80},"end":{"line":29,"column":82}}],"line":29},"9":{"loc":{"start":{"line":30,"column":16},"end":{"line":30,"column":113}},"type":"cond-expr","locations":[{"start":{"line":30,"column":77},"end":{"line":30,"column":108}},{"start":{"line":30,"column":111},"end":{"line":30,"column":113}}],"line":30},"10":{"loc":{"start":{"line":30,"column":17},"end":{"line":30,"column":73}},"type":"binary-expr","locations":[{"start":{"line":30,"column":17},"end":{"line":30,"column":29}},{"start":{"line":30,"column":33},"end":{"line":30,"column":48}},{"start":{"line":30,"column":52},"end":{"line":30,"column":73}}],"line":30},"11":{"loc":{"start":{"line":31,"column":14},"end":{"line":31,"column":37}},"type":"binary-expr","locations":[{"start":{"line":31,"column":14},"end":{"line":31,"column":31}},{"start":{"line":31,"column":35},"end":{"line":31,"column":37}}],"line":31},"12":{"loc":{"start":{"line":32,"column":17},"end":{"line":32,"column":37}},"type":"binary-expr","locations":[{"start":{"line":32,"column":17},"end":{"line":32,"column":31}},{"start":{"line":32,"column":35},"end":{"line":32,"column":37}}],"line":32},"13":{"loc":{"start":{"line":33,"column":15},"end":{"line":33,"column":190}},"type":"cond-expr","locations":[{"start":{"line":33,"column":57},"end":{"line":33,"column":185}},{"start":{"line":33,"column":188},"end":{"line":33,"column":190}}],"line":33},"14":{"loc":{"start":{"line":33,"column":16},"end":{"line":33,"column":53}},"type":"binary-expr","locations":[{"start":{"line":33,"column":16},"end":{"line":33,"column":31}},{"start":{"line":33,"column":35},"end":{"line":33,"column":53}}],"line":33},"15":{"loc":{"start":{"line":33,"column":60},"end":{"line":33,"column":89}},"type":"binary-expr","locations":[{"start":{"line":33,"column":60},"end":{"line":33,"column":83}},{"start":{"line":33,"column":87},"end":{"line":33,"column":89}}],"line":33},"16":{"loc":{"start":{"line":34,"column":19},"end":{"line":34,"column":40}},"type":"binary-expr","locations":[{"start":{"line":34,"column":19},"end":{"line":34,"column":34}},{"start":{"line":34,"column":38},"end":{"line":34,"column":40}}],"line":34},"17":{"loc":{"start":{"line":53,"column":4},"end":{"line":53,"column":60}},"type":"if","locations":[{"start":{"line":53,"column":4},"end":{"line":53,"column":60}},{"start":{},"end":{}}],"line":53},"18":{"loc":{"start":{"line":54,"column":4},"end":{"line":54,"column":178}},"type":"if","locations":[{"start":{"line":54,"column":4},"end":{"line":54,"column":178}},{"start":{},"end":{}}],"line":54},"19":{"loc":{"start":{"line":54,"column":60},"end":{"line":54,"column":177}},"type":"cond-expr","locations":[{"start":{"line":54,"column":110},"end":{"line":54,"column":113}},{"start":{"line":54,"column":116},"end":{"line":54,"column":177}}],"line":54},"20":{"loc":{"start":{"line":54,"column":61},"end":{"line":54,"column":106}},"type":"binary-expr","locations":[{"start":{"line":54,"column":61},"end":{"line":54,"column":78}},{"start":{"line":54,"column":80},"end":{"line":54,"column":92}},{"start":{"line":54,"column":94},"end":{"line":54,"column":106}}],"line":54},"21":{"loc":{"start":{"line":54,"column":116},"end":{"line":54,"column":177}},"type":"cond-expr","locations":[{"start":{"line":54,"column":164},"end":{"line":54,"column":167}},{"start":{"line":54,"column":170},"end":{"line":54,"column":177}}],"line":54},"22":{"loc":{"start":{"line":54,"column":117},"end":{"line":54,"column":160}},"type":"binary-expr","locations":[{"start":{"line":54,"column":117},"end":{"line":54,"column":132}},{"start":{"line":54,"column":134},"end":{"line":54,"column":146}},{"start":{"line":54,"column":148},"end":{"line":54,"column":160}}],"line":54},"23":{"loc":{"start":{"line":55,"column":47},"end":{"line":55,"column":168}},"type":"cond-expr","locations":[{"start":{"line":55,"column":114},"end":{"line":55,"column":163}},{"start":{"line":55,"column":166},"end":{"line":55,"column":168}}],"line":55},"24":{"loc":{"start":{"line":55,"column":48},"end":{"line":55,"column":110}},"type":"binary-expr","locations":[{"start":{"line":55,"column":48},"end":{"line":55,"column":63}},{"start":{"line":55,"column":67},"end":{"line":55,"column":110}}],"line":55},"25":{"loc":{"start":{"line":56,"column":47},"end":{"line":56,"column":168}},"type":"cond-expr","locations":[{"start":{"line":56,"column":114},"end":{"line":56,"column":163}},{"start":{"line":56,"column":166},"end":{"line":56,"column":168}}],"line":56},"26":{"loc":{"start":{"line":56,"column":48},"end":{"line":56,"column":110}},"type":"binary-expr","locations":[{"start":{"line":56,"column":48},"end":{"line":56,"column":63}},{"start":{"line":56,"column":67},"end":{"line":56,"column":110}}],"line":56},"27":{"loc":{"start":{"line":57,"column":4},"end":{"line":57,"column":196}},"type":"if","locations":[{"start":{"line":57,"column":4},"end":{"line":57,"column":196}},{"start":{},"end":{}}],"line":57},"28":{"loc":{"start":{"line":57,"column":8},"end":{"line":57,"column":45}},"type":"binary-expr","locations":[{"start":{"line":57,"column":8},"end":{"line":57,"column":23}},{"start":{"line":57,"column":27},"end":{"line":57,"column":45}}],"line":57},"29":{"loc":{"start":{"line":57,"column":93},"end":{"line":57,"column":122}},"type":"binary-expr","locations":[{"start":{"line":57,"column":93},"end":{"line":57,"column":116}},{"start":{"line":57,"column":120},"end":{"line":57,"column":122}}],"line":57},"30":{"loc":{"start":{"line":57,"column":136},"end":{"line":57,"column":194}},"type":"cond-expr","locations":[{"start":{"line":57,"column":161},"end":{"line":57,"column":189}},{"start":{"line":57,"column":192},"end":{"line":57,"column":194}}],"line":57},"31":{"loc":{"start":{"line":63,"column":6},"end":{"line":63,"column":23}},"type":"if","locations":[{"start":{"line":63,"column":6},"end":{"line":63,"column":23}},{"start":{},"end":{}}],"line":63},"32":{"loc":{"start":{"line":74,"column":4},"end":{"line":74,"column":105}},"type":"if","locations":[{"start":{"line":74,"column":4},"end":{"line":74,"column":105}},{"start":{"line":74,"column":76},"end":{"line":74,"column":105}}],"line":74},"33":{"loc":{"start":{"line":81,"column":17},"end":{"line":81,"column":108}},"type":"binary-expr","locations":[{"start":{"line":81,"column":18},"end":{"line":81,"column":39}},{"start":{"line":81,"column":43},"end":{"line":81,"column":67}},{"start":{"line":81,"column":71},"end":{"line":81,"column":101}},{"start":{"line":81,"column":106},"end":{"line":81,"column":108}}],"line":81},"34":{"loc":{"start":{"line":82,"column":21},"end":{"line":82,"column":95}},"type":"binary-expr","locations":[{"start":{"line":82,"column":22},"end":{"line":82,"column":37}},{"start":{"line":82,"column":41},"end":{"line":82,"column":59}},{"start":{"line":82,"column":63},"end":{"line":82,"column":88}},{"start":{"line":82,"column":93},"end":{"line":82,"column":95}}],"line":82},"35":{"loc":{"start":{"line":83,"column":20},"end":{"line":83,"column":129}},"type":"cond-expr","locations":[{"start":{"line":83,"column":90},"end":{"line":83,"column":124}},{"start":{"line":83,"column":127},"end":{"line":83,"column":129}}],"line":83},"36":{"loc":{"start":{"line":83,"column":21},"end":{"line":83,"column":86}},"type":"binary-expr","locations":[{"start":{"line":83,"column":21},"end":{"line":83,"column":36}},{"start":{"line":83,"column":40},"end":{"line":83,"column":58}},{"start":{"line":83,"column":62},"end":{"line":83,"column":86}}],"line":83},"37":{"loc":{"start":{"line":84,"column":18},"end":{"line":84,"column":44}},"type":"binary-expr","locations":[{"start":{"line":84,"column":18},"end":{"line":84,"column":38}},{"start":{"line":84,"column":42},"end":{"line":84,"column":44}}],"line":84},"38":{"loc":{"start":{"line":85,"column":21},"end":{"line":85,"column":44}},"type":"binary-expr","locations":[{"start":{"line":85,"column":21},"end":{"line":85,"column":38}},{"start":{"line":85,"column":42},"end":{"line":85,"column":44}}],"line":85},"39":{"loc":{"start":{"line":89,"column":6},"end":{"line":89,"column":61}},"type":"if","locations":[{"start":{"line":89,"column":6},"end":{"line":89,"column":61}},{"start":{},"end":{}}],"line":89},"40":{"loc":{"start":{"line":90,"column":6},"end":{"line":90,"column":179}},"type":"if","locations":[{"start":{"line":90,"column":6},"end":{"line":90,"column":179}},{"start":{},"end":{}}],"line":90},"41":{"loc":{"start":{"line":90,"column":61},"end":{"line":90,"column":178}},"type":"cond-expr","locations":[{"start":{"line":90,"column":111},"end":{"line":90,"column":114}},{"start":{"line":90,"column":117},"end":{"line":90,"column":178}}],"line":90},"42":{"loc":{"start":{"line":90,"column":62},"end":{"line":90,"column":107}},"type":"binary-expr","locations":[{"start":{"line":90,"column":62},"end":{"line":90,"column":79}},{"start":{"line":90,"column":81},"end":{"line":90,"column":93}},{"start":{"line":90,"column":95},"end":{"line":90,"column":107}}],"line":90},"43":{"loc":{"start":{"line":90,"column":117},"end":{"line":90,"column":178}},"type":"cond-expr","locations":[{"start":{"line":90,"column":165},"end":{"line":90,"column":168}},{"start":{"line":90,"column":171},"end":{"line":90,"column":178}}],"line":90},"44":{"loc":{"start":{"line":90,"column":118},"end":{"line":90,"column":161}},"type":"binary-expr","locations":[{"start":{"line":90,"column":118},"end":{"line":90,"column":133}},{"start":{"line":90,"column":135},"end":{"line":90,"column":147}},{"start":{"line":90,"column":149},"end":{"line":90,"column":161}}],"line":90},"45":{"loc":{"start":{"line":91,"column":49},"end":{"line":91,"column":179}},"type":"cond-expr","locations":[{"start":{"line":91,"column":122},"end":{"line":91,"column":174}},{"start":{"line":91,"column":177},"end":{"line":91,"column":179}}],"line":91},"46":{"loc":{"start":{"line":91,"column":50},"end":{"line":91,"column":118}},"type":"binary-expr","locations":[{"start":{"line":91,"column":50},"end":{"line":91,"column":68}},{"start":{"line":91,"column":72},"end":{"line":91,"column":118}}],"line":91},"47":{"loc":{"start":{"line":92,"column":49},"end":{"line":92,"column":179}},"type":"cond-expr","locations":[{"start":{"line":92,"column":122},"end":{"line":92,"column":174}},{"start":{"line":92,"column":177},"end":{"line":92,"column":179}}],"line":92},"48":{"loc":{"start":{"line":92,"column":50},"end":{"line":92,"column":118}},"type":"binary-expr","locations":[{"start":{"line":92,"column":50},"end":{"line":92,"column":68}},{"start":{"line":92,"column":72},"end":{"line":92,"column":118}}],"line":92},"49":{"loc":{"start":{"line":93,"column":6},"end":{"line":93,"column":213}},"type":"if","locations":[{"start":{"line":93,"column":6},"end":{"line":93,"column":213}},{"start":{},"end":{}}],"line":93},"50":{"loc":{"start":{"line":93,"column":10},"end":{"line":93,"column":53}},"type":"binary-expr","locations":[{"start":{"line":93,"column":10},"end":{"line":93,"column":28}},{"start":{"line":93,"column":32},"end":{"line":93,"column":53}}],"line":93},"51":{"loc":{"start":{"line":93,"column":101},"end":{"line":93,"column":133}},"type":"binary-expr","locations":[{"start":{"line":93,"column":101},"end":{"line":93,"column":127}},{"start":{"line":93,"column":131},"end":{"line":93,"column":133}}],"line":93},"52":{"loc":{"start":{"line":93,"column":147},"end":{"line":93,"column":211}},"type":"cond-expr","locations":[{"start":{"line":93,"column":175},"end":{"line":93,"column":206}},{"start":{"line":93,"column":209},"end":{"line":93,"column":211}}],"line":93},"53":{"loc":{"start":{"line":98,"column":8},"end":{"line":98,"column":25}},"type":"if","locations":[{"start":{"line":98,"column":8},"end":{"line":98,"column":25}},{"start":{},"end":{}}],"line":98},"54":{"loc":{"start":{"line":114,"column":25},"end":{"line":114,"column":73}},"type":"binary-expr","locations":[{"start":{"line":114,"column":25},"end":{"line":114,"column":67}},{"start":{"line":114,"column":71},"end":{"line":114,"column":73}}],"line":114},"55":{"loc":{"start":{"line":121,"column":2},"end":{"line":121,"column":89}},"type":"if","locations":[{"start":{"line":121,"column":2},"end":{"line":121,"column":89}},{"start":{},"end":{}}],"line":121},"56":{"loc":{"start":{"line":122,"column":2},"end":{"line":122,"column":87}},"type":"if","locations":[{"start":{"line":122,"column":2},"end":{"line":122,"column":87}},{"start":{},"end":{}}],"line":122},"57":{"loc":{"start":{"line":126,"column":16},"end":{"line":126,"column":57}},"type":"binary-expr","locations":[{"start":{"line":126,"column":16},"end":{"line":126,"column":24}},{"start":{"line":126,"column":28},"end":{"line":126,"column":57}}],"line":126},"58":{"loc":{"start":{"line":131,"column":2},"end":{"line":136,"column":3}},"type":"if","locations":[{"start":{"line":131,"column":2},"end":{"line":136,"column":3}},{"start":{},"end":{}}],"line":131},"59":{"loc":{"start":{"line":188,"column":6},"end":{"line":195,"column":7}},"type":"if","locations":[{"start":{"line":188,"column":6},"end":{"line":195,"column":7}},{"start":{},"end":{}}],"line":188}},"s":{"0":1,"1":1,"2":1,"3":1,"4":1,"5":1,"6":1,"7":0,"8":0,"9":0,"10":0,"11":1,"12":1,"13":1,"14":1,"15":1,"16":1,"17":0,"18":0,"19":0,"20":0,"21":1,"22":1,"23":1,"24":1,"25":1,"26":1,"27":1,"28":2,"29":1,"30":1,"31":1,"32":1,"33":1,"34":0,"35":0,"36":0,"37":0,"38":0,"39":0,"40":0,"41":0,"42":0,"43":0,"44":0,"45":0,"46":0,"47":0,"48":0,"49":0,"50":0,"51":0,"52":0,"53":0,"54":0,"55":0,"56":0,"57":0,"58":0,"59":0,"60":0,"61":1,"62":0,"63":0,"64":0,"65":1,"66":1,"67":1,"68":1,"69":1,"70":1,"71":1,"72":1,"73":1,"74":1,"75":1,"76":1,"77":1,"78":1,"79":1,"80":1,"81":1,"82":1,"83":1,"84":2,"85":2,"86":1,"87":1,"88":1,"89":1,"90":8,"91":8,"92":0,"93":8,"94":8,"95":8,"96":1,"97":0,"98":0,"99":1,"100":0,"101":0,"102":0,"103":0,"104":0,"105":0,"106":0,"107":0,"108":0,"109":0,"110":0,"111":0,"112":0,"113":0,"114":0,"115":0,"116":0,"117":0,"118":0,"119":0,"120":1,"121":0,"122":0,"123":1,"124":0,"125":0,"126":0,"127":0,"128":0,"129":0,"130":0,"131":1,"132":0,"133":0,"134":0,"135":0,"136":0,"137":0,"138":0,"139":0,"140":0,"141":0,"142":1,"143":0,"144":1,"145":1,"146":1,"147":1,"148":1,"149":0,"150":1,"151":1,"152":0,"153":0,"154":0,"155":0,"156":0,"157":0,"158":0,"159":0,"160":0,"161":0,"162":0,"163":1,"164":0,"165":0,"166":0,"167":0,"168":0,"169":0,"170":0,"171":0,"172":0,"173":0,"174":0,"175":0},"f":{"0":1,"1":2,"2":0,"3":0,"4":0,"5":0,"6":0,"7":0,"8":0,"9":1,"10":1,"11":1,"12":2,"13":2,"14":0,"15":0,"16":0,"17":0,"18":0,"19":0,"20":0,"21":0,"22":0,"23":0,"24":0},"b":{"0":[0,1],"1":[1,1,0],"2":[0,0],"3":[0,0],"4":[1,0],"5":[1,1],"6":[0,1],"7":[1,1,1,0],"8":[1,1,1,0],"9":[1,0],"10":[1,1,1],"11":[1,0],"12":[1,0],"13":[1,0],"14":[1,1],"15":[1,0],"16":[1,0],"17":[0,0],"18":[0,0],"19":[0,0],"20":[0,0,0],"21":[0,0],"22":[0,0,0],"23":[0,0],"24":[0,0],"25":[0,0],"26":[0,0],"27":[0,0],"28":[0,0],"29":[0,0],"30":[0,0],"31":[0,0],"32":[0,0],"33":[1,1,1,0],"34":[1,1,1,0],"35":[1,0],"36":[1,1,1],"37":[1,0],"38":[1,0],"39":[1,0],"40":[1,0],"41":[0,1],"42":[1,1,1],"43":[1,0],"44":[1,0,0],"45":[1,0],"46":[1,1],"47":[1,0],"48":[1,1],"49":[1,0],"50":[1,1],"51":[1,0],"52":[1,0],"53":[0,8],"54":[0,0],"55":[0,0],"56":[0,0],"57":[0,0],"58":[0,0],"59":[0,0]},"_coverageSchema":"1a1c01bbd47fc00a2c39e90264f33305004495a9","hash":"6f04656295fb9491cc5f59a1f217bef491a0b298"}
}
