TN:
SF:src/bundleBuilder.js
FN:1,uuidTag
FN:5,buildAdmissionBundle
FNF:2
FNH:2
FNDA:9,uuidTag
FNDA:3,buildAdmissionBundle
DA:2,9
DA:6,3
DA:7,3
DA:8,3
DA:10,3
DA:11,3
DA:12,3
DA:14,3
DA:15,3
DA:16,3
DA:17,3
DA:18,3
DA:24,3
DA:26,3
DA:27,3
DA:28,3
DA:29,3
DA:30,3
DA:31,3
DA:39,3
DA:41,3
DA:43,3
DA:65,3
DA:68,2
LF:24
LH:24
BRDA:5,0,0,1
BRDA:5,1,0,1
BRDA:17,2,0,3
BRDA:17,2,1,3
BRDA:18,3,0,3
BRDA:18,3,1,2
BRDA:29,4,0,3
BRDA:29,4,1,3
BRDA:30,5,0,3
BRDA:30,5,1,3
BRDA:31,6,0,3
BRDA:31,6,1,2
BRF:12
BRH:12
end_of_record
TN:
SF:src/fhirClient.js
FN:8,(anonymous_0)
FN:17,(anonymous_1)
FN:23,searchPatientByIns
FN:32,submitTransaction
FN:38,(anonymous_4)
FN:88,(anonymous_5)
FN:101,(anonymous_6)
FNF:7
FNH:6
FNDA:1,(anonymous_0)
FNDA:1,(anonymous_1)
FNDA:1,searchPatientByIns
FNDA:4,submitTransaction
FNDA:6,(anonymous_4)
FNDA:2,(anonymous_5)
FNDA:0,(anonymous_6)
DA:1,3
DA:3,3
DA:4,3
DA:5,3
DA:9,1
DA:10,1
DA:11,1
DA:12,1
DA:18,1
DA:19,1
DA:24,1
DA:25,1
DA:26,1
DA:27,1
DA:28,1
DA:29,1
DA:33,4
DA:34,4
DA:35,4
DA:37,4
DA:38,4
DA:39,6
DA:40,6
DA:42,6
DA:43,0
DA:44,0
DA:45,0
DA:46,0
DA:49,6
DA:55,2
DA:56,2
DA:57,2
DA:58,4
DA:59,4
DA:60,4
DA:62,2
DA:66,0
DA:67,0
DA:71,0
DA:73,4
DA:74,0
DA:77,4
DA:78,4
DA:79,4
DA:80,4
DA:81,1
DA:85,3
DA:86,3
DA:87,2
DA:88,2
DA:89,2
DA:91,1
DA:95,0
DA:99,0
DA:100,0
DA:101,0
DA:102,0
DA:104,0
DA:108,4
DA:111,3
LF:60
LH:46
BRDA:3,0,0,3
BRDA:3,0,1,3
BRDA:23,1,0,1
BRDA:24,2,0,1
BRDA:24,2,1,1
BRDA:25,3,0,0
BRDA:25,3,1,1
BRDA:25,4,0,1
BRDA:25,4,1,0
BRDA:28,5,0,1
BRDA:28,5,1,1
BRDA:32,6,0,0
BRDA:33,7,0,4
BRDA:33,7,1,0
BRDA:34,8,0,4
BRDA:34,8,1,4
BRDA:35,9,0,1
BRDA:35,9,1,3
BRDA:42,10,0,0
BRDA:42,10,1,6
BRDA:44,11,0,0
BRDA:44,11,1,0
BRDA:55,12,0,2
BRDA:55,12,1,0
BRDA:55,13,0,2
BRDA:55,13,1,2
BRDA:55,13,2,2
BRDA:55,13,3,2
BRDA:57,14,0,2
BRDA:57,14,1,0
BRDA:58,15,0,4
BRDA:58,15,1,0
BRDA:58,15,2,4
BRDA:58,15,3,4
BRDA:58,15,4,4
BRDA:58,15,5,0
BRDA:59,16,0,4
BRDA:59,16,1,0
BRDA:59,16,2,0
BRDA:59,16,3,0
BRDA:60,17,0,4
BRDA:60,17,1,4
BRDA:60,17,2,0
BRDA:60,18,0,4
BRDA:60,18,1,4
BRDA:60,18,2,0
BRDA:66,19,0,0
BRDA:66,19,1,0
BRDA:66,20,0,0
BRDA:66,20,1,0
BRDA:66,20,2,0
BRDA:73,21,0,0
BRDA:73,21,1,4
BRDA:73,22,0,4
BRDA:73,22,1,4
BRDA:77,23,0,4
BRDA:77,23,1,0
BRDA:80,24,0,1
BRDA:80,24,1,3
BRDA:80,25,0,4
BRDA:80,25,1,4
BRDA:85,26,0,3
BRDA:85,26,1,0
BRDA:85,27,0,3
BRDA:85,27,1,3
BRDA:86,28,0,2
BRDA:86,28,1,1
BRDA:99,29,0,0
BRDA:99,29,1,0
BRDA:104,30,0,0
BRDA:104,30,1,0
BRF:71
BRH:43
end_of_record
TN:
SF:src/transformer.js
FN:1,buildPidSegment
FN:23,generateAdtA04
FN:33,(anonymous_2)
FN:45,(anonymous_3)
FNF:4
FNH:3
FNDA:4,buildPidSegment
FNDA:3,generateAdtA04
FNDA:1,(anonymous_2)
FNDA:0,(anonymous_3)
DA:2,4
DA:3,4
DA:5,4
DA:6,4
DA:7,1
DA:8,1
DA:11,4
DA:12,4
DA:13,4
DA:14,4
DA:15,4
DA:17,4
DA:19,4
DA:20,4
DA:24,3
DA:25,3
DA:26,3
DA:27,3
DA:28,3
DA:30,3
DA:31,3
DA:32,3
DA:33,1
DA:34,1
DA:35,1
DA:39,3
DA:40,3
DA:43,3
DA:44,3
DA:45,0
DA:46,0
DA:49,3
DA:51,3
DA:53,1
DA:55,3
DA:58,3
LF:36
LH:34
BRDA:2,0,0,4
BRDA:2,0,1,0
BRDA:2,1,0,4
BRDA:2,1,1,4
BRDA:2,1,2,4
BRDA:3,2,0,4
BRDA:3,2,1,0
BRDA:6,3,0,1
BRDA:6,3,1,3
BRDA:6,4,0,4
BRDA:6,4,1,4
BRDA:8,5,0,1
BRDA:8,5,1,0
BRDA:11,6,0,4
BRDA:11,6,1,4
BRDA:11,6,2,4
BRDA:11,6,3,4
BRDA:11,6,4,0
BRDA:12,7,0,4
BRDA:12,7,1,0
BRDA:12,8,0,4
BRDA:12,8,1,4
BRDA:12,8,2,4
BRDA:12,8,3,4
BRDA:13,9,0,4
BRDA:13,9,1,4
BRDA:13,9,2,0
BRDA:15,10,0,4
BRDA:15,10,1,3
BRDA:15,10,2,3
BRDA:15,10,3,0
BRDA:15,11,0,4
BRDA:15,11,1,4
BRDA:15,11,2,0
BRDA:17,12,0,1
BRDA:17,12,1,3
BRDA:23,13,0,0
BRDA:23,14,0,0
BRDA:23,15,0,2
BRDA:27,16,0,3
BRDA:27,16,1,0
BRDA:28,17,0,3
BRDA:28,17,1,3
BRDA:28,17,2,2
BRDA:30,18,0,3
BRDA:30,18,1,2
BRDA:30,18,2,2
BRDA:32,19,0,1
BRDA:32,19,1,2
BRDA:32,20,0,3
BRDA:32,20,1,1
BRDA:32,20,2,1
BRDA:34,21,0,1
BRDA:34,21,1,0
BRDA:35,22,0,1
BRDA:35,22,1,0
BRDA:40,23,0,1
BRDA:40,23,1,2
BRDA:44,24,0,0
BRDA:44,24,1,3
BRDA:44,25,0,3
BRDA:44,25,1,3
BRDA:45,26,0,0
BRDA:45,26,1,0
BRDA:45,26,2,0
BRDA:45,26,3,0
BRDA:46,27,0,0
BRDA:46,27,1,0
BRDA:46,28,0,0
BRDA:46,28,1,0
BRDA:49,29,0,1
BRDA:49,29,1,2
BRDA:49,30,0,3
BRDA:49,30,1,3
BRDA:49,30,2,3
BRDA:51,31,0,1
BRDA:51,31,1,2
BRF:77
BRH:55
end_of_record
TN:
SF:src/validator.js
FN:1,validateBundleStructure
FN:22,(anonymous_1)
FNF:2
FNH:1
FNDA:2,validateBundleStructure
FNDA:0,(anonymous_1)
DA:2,2
DA:3,2
DA:4,1
DA:5,1
DA:7,1
DA:8,0
DA:10,1
DA:11,0
DA:12,0
DA:14,1
DA:15,1
DA:16,0
DA:18,1
DA:19,0
DA:22,1
DA:23,1
DA:26,4
LF:17
LH:12
BRDA:3,0,0,1
BRDA:3,0,1,1
BRDA:3,1,0,2
BRDA:3,1,1,1
BRDA:7,2,0,0
BRDA:7,2,1,1
BRDA:10,3,0,0
BRDA:10,3,1,1
BRDA:10,4,0,1
BRDA:10,4,1,1
BRDA:14,5,0,1
BRDA:14,5,1,0
BRDA:15,6,0,0
BRDA:15,6,1,1
BRDA:15,7,0,1
BRDA:15,7,1,1
BRDA:18,8,0,0
BRDA:18,8,1,1
BRDA:18,9,0,1
BRDA:18,9,1,1
BRDA:18,9,2,1
BRF:21
BRH:16
end_of_record
TN:
SF:web/app.js
FN:1,(anonymous_0)
FN:33,(anonymous_1)
FN:36,(anonymous_2)
FN:52,(anonymous_3)
FN:58,(anonymous_4)
FN:58,(anonymous_5)
FN:59,(anonymous_6)
FN:59,(anonymous_7)
FN:72,(anonymous_8)
FN:76,(anonymous_9)
FN:81,(anonymous_10)
FN:94,(anonymous_11)
FN:94,(anonymous_12)
FN:95,(anonymous_13)
FN:95,(anonymous_14)
FN:108,(anonymous_15)
FN:147,(anonymous_16)
FN:157,(anonymous_17)
FN:162,(anonymous_18)
FN:164,(anonymous_19)
FN:167,(anonymous_20)
FN:174,(anonymous_21)
FN:183,(anonymous_22)
FN:187,(anonymous_23)
FN:207,(anonymous_24)
FN:216,(anonymous_25)
FNF:26
FNH:7
FNDA:1,(anonymous_0)
FNDA:0,(anonymous_1)
FNDA:2,(anonymous_2)
FNDA:0,(anonymous_3)
FNDA:0,(anonymous_4)
FNDA:0,(anonymous_5)
FNDA:0,(anonymous_6)
FNDA:0,(anonymous_7)
FNDA:0,(anonymous_8)
FNDA:0,(anonymous_9)
FNDA:1,(anonymous_10)
FNDA:1,(anonymous_11)
FNDA:1,(anonymous_12)
FNDA:2,(anonymous_13)
FNDA:2,(anonymous_14)
FNDA:0,(anonymous_15)
FNDA:0,(anonymous_16)
FNDA:0,(anonymous_17)
FNDA:0,(anonymous_18)
FNDA:0,(anonymous_19)
FNDA:0,(anonymous_20)
FNDA:0,(anonymous_21)
FNDA:0,(anonymous_22)
FNDA:0,(anonymous_23)
FNDA:0,(anonymous_24)
FNDA:0,(anonymous_25)
DA:1,1
DA:2,1
DA:3,1
DA:4,1
DA:5,1
DA:8,1
DA:9,1
DA:10,0
DA:11,0
DA:13,1
DA:14,1
DA:17,1
DA:18,1
DA:19,1
DA:20,1
DA:21,0
DA:22,0
DA:23,0
DA:24,0
DA:28,1
DA:29,1
DA:30,1
DA:31,1
DA:32,1
DA:33,1
DA:34,1
DA:35,1
DA:36,2
DA:38,1
DA:47,1
DA:48,1
DA:49,1
DA:52,1
DA:53,0
DA:54,0
DA:55,0
DA:56,0
DA:57,0
DA:58,0
DA:59,0
DA:60,0
DA:61,0
DA:63,0
DA:64,0
DA:65,0
DA:66,0
DA:67,0
DA:69,0
DA:70,0
DA:72,0
DA:76,1
DA:77,0
DA:81,1
DA:82,1
DA:83,1
DA:84,1
DA:85,1
DA:86,1
DA:87,1
DA:88,1
DA:89,1
DA:90,1
DA:91,1
DA:92,1
DA:93,1
DA:94,1
DA:95,2
DA:96,1
DA:98,1
DA:99,1
DA:100,8
DA:101,8
DA:103,1
DA:104,0
DA:108,1
DA:109,0
DA:110,0
DA:137,0
DA:138,0
DA:139,0
DA:140,0
DA:142,0
DA:143,0
DA:144,0
DA:145,0
DA:146,0
DA:147,0
DA:149,0
DA:150,0
DA:151,0
DA:152,0
DA:153,0
DA:157,1
DA:158,0
DA:159,0
DA:162,1
DA:163,0
DA:164,0
DA:167,1
DA:168,0
DA:169,0
DA:170,0
DA:171,0
DA:174,1
DA:175,0
DA:179,1
DA:180,1
DA:181,1
DA:182,1
DA:183,1
DA:184,1
DA:187,1
DA:188,0
DA:189,0
DA:190,0
DA:191,0
DA:192,0
DA:193,0
DA:194,0
DA:195,0
DA:196,0
DA:197,0
DA:198,0
DA:199,0
DA:200,0
DA:201,0
DA:202,0
DA:203,0
DA:207,1
DA:208,0
DA:209,0
DA:210,0
DA:211,0
DA:212,0
DA:213,0
DA:214,0
DA:215,0
DA:216,0
DA:217,0
DA:220,0
LF:140
LH:62
BRDA:9,0,0,0
BRDA:9,0,1,1
BRDA:9,1,0,1
BRDA:9,1,1,1
BRDA:9,1,2,0
BRDA:11,2,0,0
BRDA:11,2,1,0
BRDA:11,3,0,0
BRDA:11,3,1,0
BRDA:13,4,0,1
BRDA:13,4,1,0
BRDA:13,5,0,1
BRDA:13,5,1,1
BRDA:20,6,0,0
BRDA:20,6,1,1
BRDA:28,7,0,1
BRDA:28,7,1,1
BRDA:28,7,2,1
BRDA:28,7,3,0
BRDA:29,8,0,1
BRDA:29,8,1,1
BRDA:29,8,2,1
BRDA:29,8,3,0
BRDA:30,9,0,1
BRDA:30,9,1,0
BRDA:30,10,0,1
BRDA:30,10,1,1
BRDA:30,10,2,1
BRDA:31,11,0,1
BRDA:31,11,1,0
BRDA:32,12,0,1
BRDA:32,12,1,0
BRDA:33,13,0,1
BRDA:33,13,1,1
BRDA:33,14,0,0
BRDA:33,14,1,0
BRDA:34,15,0,1
BRDA:34,15,1,0
BRDA:34,15,2,0
BRDA:34,15,3,1
BRDA:35,16,0,1
BRDA:35,16,1,0
BRDA:35,17,0,1
BRDA:35,17,1,1
BRDA:35,18,0,1
BRDA:35,18,1,0
BRDA:36,19,0,1
BRDA:36,19,1,0
BRDA:56,20,0,0
BRDA:56,20,1,0
BRDA:57,21,0,0
BRDA:57,21,1,0
BRDA:57,22,0,0
BRDA:57,22,1,0
BRDA:57,23,0,0
BRDA:57,23,1,0
BRDA:57,23,2,0
BRDA:57,24,0,0
BRDA:57,24,1,0
BRDA:57,25,0,0
BRDA:57,25,1,0
BRDA:57,25,2,0
BRDA:58,26,0,0
BRDA:58,26,1,0
BRDA:58,27,0,0
BRDA:58,27,1,0
BRDA:59,28,0,0
BRDA:59,28,1,0
BRDA:59,29,0,0
BRDA:59,29,1,0
BRDA:60,30,0,0
BRDA:60,30,1,0
BRDA:60,31,0,0
BRDA:60,31,1,0
BRDA:60,32,0,0
BRDA:60,32,1,0
BRDA:60,33,0,0
BRDA:60,33,1,0
BRDA:66,34,0,0
BRDA:66,34,1,0
BRDA:77,35,0,0
BRDA:77,35,1,0
BRDA:84,36,0,1
BRDA:84,36,1,1
BRDA:84,36,2,1
BRDA:84,36,3,0
BRDA:85,37,0,1
BRDA:85,37,1,1
BRDA:85,37,2,1
BRDA:85,37,3,0
BRDA:86,38,0,1
BRDA:86,38,1,0
BRDA:86,39,0,1
BRDA:86,39,1,1
BRDA:86,39,2,1
BRDA:87,40,0,1
BRDA:87,40,1,0
BRDA:88,41,0,1
BRDA:88,41,1,0
BRDA:92,42,0,1
BRDA:92,42,1,0
BRDA:93,43,0,1
BRDA:93,43,1,0
BRDA:93,44,0,0
BRDA:93,44,1,1
BRDA:93,45,0,1
BRDA:93,45,1,1
BRDA:93,45,2,1
BRDA:93,46,0,1
BRDA:93,46,1,0
BRDA:93,47,0,1
BRDA:93,47,1,0
BRDA:93,47,2,0
BRDA:94,48,0,1
BRDA:94,48,1,0
BRDA:94,49,0,1
BRDA:94,49,1,1
BRDA:95,50,0,1
BRDA:95,50,1,0
BRDA:95,51,0,1
BRDA:95,51,1,1
BRDA:96,52,0,1
BRDA:96,52,1,0
BRDA:96,53,0,1
BRDA:96,53,1,1
BRDA:96,54,0,1
BRDA:96,54,1,0
BRDA:96,55,0,1
BRDA:96,55,1,0
BRDA:101,56,0,0
BRDA:101,56,1,8
BRDA:118,57,0,0
BRDA:118,57,1,0
BRDA:132,58,0,0
BRDA:132,58,1,0
BRDA:139,59,0,0
BRDA:139,59,1,0
BRDA:140,60,0,0
BRDA:140,60,1,0
BRDA:144,61,0,0
BRDA:144,61,1,0
BRDA:149,62,0,0
BRDA:149,62,1,0
BRDA:211,63,0,0
BRDA:211,63,1,0
BRF:145
BRH:60
end_of_record
