TN:
SF:src\bundleBuilder.js
FN:1,uuidTag
FN:5,buildAdmissionBundle
FNF:2
FNH:2
FNDA:6,uuidTag
FNDA:2,buildAdmissionBundle
DA:2,6
DA:6,2
DA:7,2
DA:8,2
DA:10,2
DA:11,2
DA:13,2
DA:14,2
DA:16,2
DA:18,2
DA:19,2
DA:20,2
DA:22,2
DA:24,2
DA:46,2
DA:49,2
LF:16
LH:16
BRDA:5,0,0,1
BRDA:5,1,0,1
BRF:2
BRH:2
end_of_record
TN:
SF:src\fhirClient.js
FN:7,(anonymous_0)
FN:16,(anonymous_1)
FN:22,searchPatientByIns
FN:29,submitTransaction
FN:35,(anonymous_4)
FN:82,(anonymous_5)
FN:95,(anonymous_6)
FNF:7
FNH:6
FNDA:1,(anonymous_0)
FNDA:1,(anonymous_1)
FNDA:1,searchPatientByIns
FNDA:4,submitTransaction
FNDA:6,(anonymous_4)
FNDA:2,(anonymous_5)
FNDA:0,(anonymous_6)
DA:1,3
DA:3,3
DA:4,3
DA:8,1
DA:9,1
DA:10,1
DA:11,1
DA:17,1
DA:18,1
DA:23,1
DA:24,1
DA:25,1
DA:26,1
DA:30,4
DA:31,4
DA:32,4
DA:34,4
DA:35,4
DA:36,6
DA:37,6
DA:39,6
DA:40,0
DA:41,0
DA:42,0
DA:43,0
DA:46,6
DA:52,2
DA:53,2
DA:54,2
DA:55,4
DA:56,4
DA:57,4
DA:59,2
DA:63,0
DA:64,0
DA:68,0
DA:71,4
DA:72,4
DA:73,4
DA:74,4
DA:75,1
DA:79,3
DA:80,3
DA:81,2
DA:82,2
DA:83,2
DA:85,1
DA:89,0
DA:93,0
DA:94,0
DA:95,0
DA:96,0
DA:98,0
DA:102,4
DA:105,3
LF:55
LH:42
BRDA:3,0,0,3
BRDA:3,0,1,3
BRDA:22,1,0,1
BRDA:25,2,0,1
BRDA:25,2,1,1
BRDA:29,3,0,0
BRDA:30,4,0,4
BRDA:30,4,1,0
BRDA:31,5,0,4
BRDA:31,5,1,4
BRDA:32,6,0,1
BRDA:32,6,1,3
BRDA:39,7,0,0
BRDA:39,7,1,6
BRDA:41,8,0,0
BRDA:41,8,1,0
BRDA:52,9,0,2
BRDA:52,9,1,0
BRDA:52,10,0,2
BRDA:52,10,1,2
BRDA:52,10,2,2
BRDA:52,10,3,2
BRDA:54,11,0,2
BRDA:54,11,1,0
BRDA:55,12,0,4
BRDA:55,12,1,0
BRDA:55,12,2,4
BRDA:55,12,3,4
BRDA:55,12,4,4
BRDA:55,12,5,0
BRDA:56,13,0,4
BRDA:56,13,1,0
BRDA:56,13,2,0
BRDA:56,13,3,0
BRDA:57,14,0,4
BRDA:57,14,1,4
BRDA:57,14,2,0
BRDA:57,15,0,4
BRDA:57,15,1,4
BRDA:57,15,2,0
BRDA:63,16,0,0
BRDA:63,16,1,0
BRDA:63,17,0,0
BRDA:63,17,1,0
BRDA:63,17,2,0
BRDA:71,18,0,4
BRDA:71,18,1,0
BRDA:74,19,0,1
BRDA:74,19,1,3
BRDA:74,20,0,4
BRDA:74,20,1,4
BRDA:79,21,0,3
BRDA:79,21,1,0
BRDA:79,22,0,3
BRDA:79,22,1,3
BRDA:80,23,0,2
BRDA:80,23,1,1
BRDA:93,24,0,0
BRDA:93,24,1,0
BRDA:98,25,0,0
BRDA:98,25,1,0
BRF:61
BRH:36
end_of_record
TN:
SF:src\transformer.js
FN:1,buildPidSegment
FN:23,generateAdtA04
FN:32,(anonymous_2)
FN:44,(anonymous_3)
FNF:4
FNH:2
FNDA:4,buildPidSegment
FNDA:3,generateAdtA04
FNDA:0,(anonymous_2)
FNDA:0,(anonymous_3)
DA:2,4
DA:3,4
DA:5,4
DA:6,4
DA:7,0
DA:8,0
DA:11,4
DA:12,4
DA:13,4
DA:14,4
DA:17,4
DA:19,4
DA:20,4
DA:24,3
DA:25,3
DA:26,3
DA:27,3
DA:30,3
DA:31,3
DA:32,0
DA:33,0
DA:34,0
DA:38,3
DA:39,3
DA:42,3
DA:43,3
DA:44,0
DA:45,0
DA:48,3
DA:50,3
DA:52,1
DA:54,3
DA:57,3
LF:33
LH:26
BRDA:2,0,0,4
BRDA:2,0,1,0
BRDA:2,1,0,4
BRDA:2,1,1,4
BRDA:2,1,2,4
BRDA:3,2,0,4
BRDA:3,2,1,0
BRDA:6,3,0,0
BRDA:6,3,1,4
BRDA:6,4,0,4
BRDA:6,4,1,4
BRDA:8,5,0,0
BRDA:8,5,1,0
BRDA:11,6,0,4
BRDA:11,6,1,4
BRDA:11,6,2,4
BRDA:11,6,3,4
BRDA:11,6,4,0
BRDA:12,7,0,4
BRDA:12,7,1,0
BRDA:12,8,0,4
BRDA:12,8,1,4
BRDA:12,8,2,4
BRDA:12,8,3,4
BRDA:13,9,0,4
BRDA:13,9,1,4
BRDA:13,9,2,0
BRDA:14,10,0,4
BRDA:14,10,1,4
BRDA:14,10,2,0
BRDA:17,11,0,0
BRDA:17,11,1,4
BRDA:23,12,0,0
BRDA:23,13,0,0
BRDA:26,14,0,3
BRDA:26,14,1,0
BRDA:27,15,0,3
BRDA:27,15,1,3
BRDA:27,15,2,3
BRDA:31,16,0,0
BRDA:31,16,1,3
BRDA:31,17,0,3
BRDA:31,17,1,3
BRDA:31,17,2,0
BRDA:31,17,3,0
BRDA:32,18,0,0
BRDA:32,18,1,0
BRDA:33,19,0,0
BRDA:33,19,1,0
BRDA:39,20,0,0
BRDA:39,20,1,3
BRDA:43,21,0,0
BRDA:43,21,1,3
BRDA:43,22,0,3
BRDA:43,22,1,3
BRDA:44,23,0,0
BRDA:44,23,1,0
BRDA:44,23,2,0
BRDA:44,23,3,0
BRDA:45,24,0,0
BRDA:45,24,1,0
BRDA:45,25,0,0
BRDA:45,25,1,0
BRDA:48,26,0,1
BRDA:48,26,1,2
BRDA:48,27,0,3
BRDA:48,27,1,3
BRDA:48,27,2,3
BRDA:50,28,0,1
BRDA:50,28,1,2
BRF:70
BRH:40
end_of_record
TN:
SF:src\validator.js
FN:1,validateBundleStructure
FN:22,(anonymous_1)
FNF:2
FNH:1
FNDA:2,validateBundleStructure
FNDA:0,(anonymous_1)
DA:2,2
DA:3,2
DA:4,1
DA:5,1
DA:7,1
DA:8,0
DA:10,1
DA:11,0
DA:12,0
DA:14,1
DA:15,1
DA:16,0
DA:18,1
DA:19,0
DA:22,1
DA:23,1
DA:26,4
LF:17
LH:12
BRDA:3,0,0,1
BRDA:3,0,1,1
BRDA:3,1,0,2
BRDA:3,1,1,1
BRDA:7,2,0,0
BRDA:7,2,1,1
BRDA:10,3,0,0
BRDA:10,3,1,1
BRDA:10,4,0,1
BRDA:10,4,1,1
BRDA:14,5,0,1
BRDA:14,5,1,0
BRDA:15,6,0,0
BRDA:15,6,1,1
BRDA:15,7,0,1
BRDA:15,7,1,1
BRDA:18,8,0,0
BRDA:18,8,1,1
BRDA:18,9,0,1
BRDA:18,9,1,1
BRDA:18,9,2,1
BRF:21
BRH:16
end_of_record
TN:
SF:web\app.js
FN:1,(anonymous_0)
FN:34,(anonymous_1)
FN:49,(anonymous_2)
FN:55,(anonymous_3)
FN:55,(anonymous_4)
FN:56,(anonymous_5)
FN:56,(anonymous_6)
FN:69,(anonymous_7)
FN:73,(anonymous_8)
FN:78,(anonymous_9)
FN:91,(anonymous_10)
FN:91,(anonymous_11)
FN:92,(anonymous_12)
FN:92,(anonymous_13)
FN:105,(anonymous_14)
FN:129,(anonymous_15)
FN:139,(anonymous_16)
FN:144,(anonymous_17)
FN:146,(anonymous_18)
FN:149,(anonymous_19)
FN:156,(anonymous_20)
FN:165,(anonymous_21)
FN:169,(anonymous_22)
FN:184,(anonymous_23)
FN:193,(anonymous_24)
FNF:25
FNH:7
FNDA:1,(anonymous_0)
FNDA:2,(anonymous_1)
FNDA:0,(anonymous_2)
FNDA:0,(anonymous_3)
FNDA:0,(anonymous_4)
FNDA:0,(anonymous_5)
FNDA:0,(anonymous_6)
FNDA:0,(anonymous_7)
FNDA:0,(anonymous_8)
FNDA:1,(anonymous_9)
FNDA:1,(anonymous_10)
FNDA:1,(anonymous_11)
FNDA:2,(anonymous_12)
FNDA:2,(anonymous_13)
FNDA:0,(anonymous_14)
FNDA:0,(anonymous_15)
FNDA:0,(anonymous_16)
FNDA:0,(anonymous_17)
FNDA:0,(anonymous_18)
FNDA:0,(anonymous_19)
FNDA:0,(anonymous_20)
FNDA:0,(anonymous_21)
FNDA:0,(anonymous_22)
FNDA:0,(anonymous_23)
FNDA:0,(anonymous_24)
DA:1,1
DA:2,1
DA:3,1
DA:4,1
DA:5,1
DA:8,1
DA:9,1
DA:10,0
DA:11,0
DA:13,1
DA:14,1
DA:17,1
DA:18,1
DA:19,1
DA:20,1
DA:21,0
DA:22,0
DA:23,0
DA:24,0
DA:28,1
DA:29,1
DA:30,1
DA:31,1
DA:32,1
DA:33,1
DA:34,2
DA:36,1
DA:44,1
DA:45,1
DA:46,1
DA:49,1
DA:50,0
DA:51,0
DA:52,0
DA:53,0
DA:54,0
DA:55,0
DA:56,0
DA:57,0
DA:58,0
DA:60,0
DA:61,0
DA:62,0
DA:63,0
DA:64,0
DA:66,0
DA:67,0
DA:69,0
DA:73,1
DA:74,0
DA:78,1
DA:79,1
DA:80,1
DA:81,1
DA:82,1
DA:83,1
DA:84,1
DA:85,1
DA:86,1
DA:87,1
DA:88,1
DA:89,1
DA:90,1
DA:91,1
DA:92,2
DA:93,1
DA:95,1
DA:96,1
DA:97,8
DA:98,8
DA:100,1
DA:101,0
DA:105,1
DA:106,0
DA:107,0
DA:119,0
DA:120,0
DA:121,0
DA:122,0
DA:124,0
DA:125,0
DA:126,0
DA:127,0
DA:128,0
DA:129,0
DA:131,0
DA:132,0
DA:133,0
DA:134,0
DA:135,0
DA:139,1
DA:140,0
DA:141,0
DA:144,1
DA:145,0
DA:146,0
DA:149,1
DA:150,0
DA:151,0
DA:152,0
DA:153,0
DA:156,1
DA:157,0
DA:161,1
DA:162,1
DA:163,1
DA:164,1
DA:165,1
DA:166,1
DA:169,1
DA:170,0
DA:171,0
DA:172,0
DA:173,0
DA:174,0
DA:175,0
DA:176,0
DA:177,0
DA:178,0
DA:179,0
DA:180,0
DA:184,1
DA:185,0
DA:186,0
DA:187,0
DA:188,0
DA:189,0
DA:190,0
DA:191,0
DA:192,0
DA:193,0
DA:194,0
DA:197,0
LF:133
LH:60
BRDA:9,0,0,0
BRDA:9,0,1,1
BRDA:9,1,0,1
BRDA:9,1,1,1
BRDA:9,1,2,0
BRDA:11,2,0,0
BRDA:11,2,1,0
BRDA:11,3,0,0
BRDA:11,3,1,0
BRDA:13,4,0,1
BRDA:13,4,1,0
BRDA:13,5,0,1
BRDA:13,5,1,1
BRDA:20,6,0,0
BRDA:20,6,1,1
BRDA:28,7,0,1
BRDA:28,7,1,1
BRDA:28,7,2,1
BRDA:28,7,3,0
BRDA:29,8,0,1
BRDA:29,8,1,1
BRDA:29,8,2,1
BRDA:29,8,3,0
BRDA:30,9,0,1
BRDA:30,9,1,0
BRDA:30,10,0,1
BRDA:30,10,1,1
BRDA:30,10,2,1
BRDA:31,11,0,1
BRDA:31,11,1,0
BRDA:32,12,0,1
BRDA:32,12,1,0
BRDA:33,13,0,1
BRDA:33,13,1,0
BRDA:33,14,0,1
BRDA:33,14,1,1
BRDA:33,15,0,1
BRDA:33,15,1,0
BRDA:34,16,0,1
BRDA:34,16,1,0
BRDA:53,17,0,0
BRDA:53,17,1,0
BRDA:54,18,0,0
BRDA:54,18,1,0
BRDA:54,19,0,0
BRDA:54,19,1,0
BRDA:54,20,0,0
BRDA:54,20,1,0
BRDA:54,20,2,0
BRDA:54,21,0,0
BRDA:54,21,1,0
BRDA:54,22,0,0
BRDA:54,22,1,0
BRDA:54,22,2,0
BRDA:55,23,0,0
BRDA:55,23,1,0
BRDA:55,24,0,0
BRDA:55,24,1,0
BRDA:56,25,0,0
BRDA:56,25,1,0
BRDA:56,26,0,0
BRDA:56,26,1,0
BRDA:57,27,0,0
BRDA:57,27,1,0
BRDA:57,28,0,0
BRDA:57,28,1,0
BRDA:57,29,0,0
BRDA:57,29,1,0
BRDA:57,30,0,0
BRDA:57,30,1,0
BRDA:63,31,0,0
BRDA:63,31,1,0
BRDA:74,32,0,0
BRDA:74,32,1,0
BRDA:81,33,0,1
BRDA:81,33,1,1
BRDA:81,33,2,1
BRDA:81,33,3,0
BRDA:82,34,0,1
BRDA:82,34,1,1
BRDA:82,34,2,1
BRDA:82,34,3,0
BRDA:83,35,0,1
BRDA:83,35,1,0
BRDA:83,36,0,1
BRDA:83,36,1,1
BRDA:83,36,2,1
BRDA:84,37,0,1
BRDA:84,37,1,0
BRDA:85,38,0,1
BRDA:85,38,1,0
BRDA:89,39,0,1
BRDA:89,39,1,0
BRDA:90,40,0,1
BRDA:90,40,1,0
BRDA:90,41,0,0
BRDA:90,41,1,1
BRDA:90,42,0,1
BRDA:90,42,1,1
BRDA:90,42,2,1
BRDA:90,43,0,1
BRDA:90,43,1,0
BRDA:90,44,0,1
BRDA:90,44,1,0
BRDA:90,44,2,0
BRDA:91,45,0,1
BRDA:91,45,1,0
BRDA:91,46,0,1
BRDA:91,46,1,1
BRDA:92,47,0,1
BRDA:92,47,1,0
BRDA:92,48,0,1
BRDA:92,48,1,1
BRDA:93,49,0,1
BRDA:93,49,1,0
BRDA:93,50,0,1
BRDA:93,50,1,1
BRDA:93,51,0,1
BRDA:93,51,1,0
BRDA:93,52,0,1
BRDA:93,52,1,0
BRDA:98,53,0,0
BRDA:98,53,1,8
BRDA:114,54,0,0
BRDA:114,54,1,0
BRDA:121,55,0,0
BRDA:121,55,1,0
BRDA:122,56,0,0
BRDA:122,56,1,0
BRDA:126,57,0,0
BRDA:126,57,1,0
BRDA:131,58,0,0
BRDA:131,58,1,0
BRDA:188,59,0,0
BRDA:188,59,1,0
BRF:135
BRH:56
end_of_record
